# JRE version: OpenJDK Runtime Environment Temurin-21.0.10+7 (21.0.10+7) (build 21.0.10+7-LTS)
# Java VM: OpenJDK 64-Bit Server VM Temurin-21.0.10+7 (21.0.10+7-LTS, mixed mode, sharing, tiered, compressed oops, compressed class ptrs, parallel gc, windows-amd64)
GC Precious Log:
 CardTable entry size: 512
 CPUs: 12 total, 12 available
 Memory: 16009M
 Large Page Support: Disabled
 NUMA Support: Disabled
 Compressed Oops: Enabled (32-bit)
 Alignments: Space 512K, Generation 512K, Heap 2M
 Heap Min Capacity: 100M
 Heap Initial Capacity: 100M
 Heap Max Capacity: 2G
 Pre-touch: Disabled
 Parallel Workers: 10
Heap:
 PSYoungGen      total 23040K, used 11224K [0x00000000d5580000, 0x00000000d6e80000, 0x0000000100000000)
  eden space 20480K, 50% used [0x00000000d5580000,0x00000000d5f922b8,0x00000000d6980000)
  from space 2560K, 35% used [0x00000000d6a80000,0x00000000d6b64010,0x00000000d6d00000)
  to   space 1536K, 0% used [0x00000000d6d00000,0x00000000d6d00000,0x00000000d6e80000)
 ParOldGen       total 68608K, used 41800K [0x0000000080000000, 0x0000000084300000, 0x00000000d5580000)
  object space 68608K, 60% used [0x0000000080000000,0x00000000828d2228,0x0000000084300000)
 Metaspace       used 60333K, committed 61824K, reserved 1114112K
  class space    used 6478K, committed 7104K, reserved 1048576K
GC Heap History (20 events):
Event: 4.961 GC heap before
{Heap before GC invocations=27 (full 2):
 PSYoungGen      total 22016K, used 21997K [0x00000000d5580000, 0x00000000d7100000, 0x0000000100000000)
  eden space 20992K, 100% used [0x00000000d5580000,0x00000000d6a00000,0x00000000d6a00000)
  from space 1024K, 98% used [0x00000000d6d00000,0x00000000d6dfb768,0x00000000d6e00000)
  to   space 3072K, 0% used [0x00000000d6a00000,0x00000000d6a00000,0x00000000d6d00000)
 ParOldGen       total 68608K, used 37546K [0x0000000080000000, 0x0000000084300000, 0x00000000d5580000)
  object space 68608K, 54% used [0x0000000080000000,0x00000000824aaad8,0x0000000084300000)
 Metaspace       used 45841K, committed 47040K, reserved 1114112K
  class space    used 4908K, committed 5440K, reserved 1048576K
}
Event: 4.961 GC heap after
{Heap after GC invocations=27 (full 2):
 PSYoungGen      total 21504K, used 288K [0x00000000d5580000, 0x00000000d6d80000, 0x0000000100000000)
  eden space 20992K, 0% used [0x00000000d5580000,0x00000000d5580000,0x00000000d6a00000)
  from space 512K, 56% used [0x00000000d6a00000,0x00000000d6a48000,0x00000000d6a80000)
  to   space 1536K, 0% used [0x00000000d6c00000,0x00000000d6c00000,0x00000000d6d80000)
 ParOldGen       total 68608K, used 37825K [0x0000000080000000, 0x0000000084300000, 0x00000000d5580000)
  object space 68608K, 55% used [0x0000000080000000,0x00000000824f04f8,0x0000000084300000)
 Metaspace       used 45841K, committed 47040K, reserved 1114112K
  class space    used 4908K, committed 5440K, reserved 1048576K
}
Event: 5.060 GC heap before
{Heap before GC invocations=28 (full 2):
 PSYoungGen      total 21504K, used 21234K [0x00000000d5580000, 0x00000000d6d80000, 0x0000000100000000)
  eden space 20992K, 99% used [0x00000000d5580000,0x00000000d69f4978,0x00000000d6a00000)
  from space 512K, 56% used [0x00000000d6a00000,0x00000000d6a48000,0x00000000d6a80000)
  to   space 1536K, 0% used [0x00000000d6c00000,0x00000000d6c00000,0x00000000d6d80000)
 ParOldGen       total 68608K, used 37825K [0x0000000080000000, 0x0000000084300000, 0x00000000d5580000)
  object space 68608K, 55% used [0x0000000080000000,0x00000000824f04f8,0x0000000084300000)
 Metaspace       used 48042K, committed 49280K, reserved 1114112K
  class space    used 5157K, committed 5696K, reserved 1048576K
}
Event: 5.061 GC heap after
{Heap after GC invocations=28 (full 2):
 PSYoungGen      total 22016K, used 736K [0x00000000d5580000, 0x00000000d6d00000, 0x0000000100000000)
  eden space 20992K, 0% used [0x00000000d5580000,0x00000000d5580000,0x00000000d6a00000)
  from space 1024K, 71% used [0x00000000d6c00000,0x00000000d6cb8000,0x00000000d6d00000)
  to   space 1024K, 0% used [0x00000000d6b00000,0x00000000d6b00000,0x00000000d6c00000)
 ParOldGen       total 68608K, used 38001K [0x0000000080000000, 0x0000000084300000, 0x00000000d5580000)
  object space 68608K, 55% used [0x0000000080000000,0x000000008251c4f8,0x0000000084300000)
 Metaspace       used 48042K, committed 49280K, reserved 1114112K
  class space    used 5157K, committed 5696K, reserved 1048576K
}
Event: 5.213 GC heap before
{Heap before GC invocations=29 (full 2):
 PSYoungGen      total 22016K, used 21728K [0x00000000d5580000, 0x00000000d6d00000, 0x0000000100000000)
  eden space 20992K, 100% used [0x00000000d5580000,0x00000000d6a00000,0x00000000d6a00000)
  from space 1024K, 71% used [0x00000000d6c00000,0x00000000d6cb8000,0x00000000d6d00000)
  to   space 1024K, 0% used [0x00000000d6b00000,0x00000000d6b00000,0x00000000d6c00000)
 ParOldGen       total 68608K, used 38001K [0x0000000080000000, 0x0000000084300000, 0x00000000d5580000)
  object space 68608K, 55% used [0x0000000080000000,0x000000008251c4f8,0x0000000084300000)
 Metaspace       used 49554K, committed 50752K, reserved 1114112K
  class space    used 5364K, committed 5888K, reserved 1048576K
}
Event: 5.214 GC heap after
{Heap after GC invocations=29 (full 2):
 PSYoungGen      total 22016K, used 1024K [0x00000000d5580000, 0x00000000d6d00000, 0x0000000100000000)
  eden space 20992K, 0% used [0x00000000d5580000,0x00000000d5580000,0x00000000d6a00000)
  from space 1024K, 100% used [0x00000000d6b00000,0x00000000d6c00000,0x00000000d6c00000)
  to   space 1024K, 0% used [0x00000000d6c00000,0x00000000d6c00000,0x00000000d6d00000)
 ParOldGen       total 68608K, used 38577K [0x0000000080000000, 0x0000000084300000, 0x00000000d5580000)
  object space 68608K, 56% used [0x0000000080000000,0x00000000825ac4f8,0x0000000084300000)
 Metaspace       used 49554K, committed 50752K, reserved 1114112K
  class space    used 5364K, committed 5888K, reserved 1048576K
}
Event: 5.378 GC heap before
{Heap before GC invocations=30 (full 2):
 PSYoungGen      total 22016K, used 22016K [0x00000000d5580000, 0x00000000d6d00000, 0x0000000100000000)
  eden space 20992K, 100% used [0x00000000d5580000,0x00000000d6a00000,0x00000000d6a00000)
  from space 1024K, 100% used [0x00000000d6b00000,0x00000000d6c00000,0x00000000d6c00000)
  to   space 1024K, 0% used [0x00000000d6c00000,0x00000000d6c00000,0x00000000d6d00000)
 ParOldGen       total 68608K, used 38577K [0x0000000080000000, 0x0000000084300000, 0x00000000d5580000)
  object space 68608K, 56% used [0x0000000080000000,0x00000000825ac4f8,0x0000000084300000)
 Metaspace       used 51618K, committed 52864K, reserved 1114112K
  class space    used 5587K, committed 6144K, reserved 1048576K
}
Event: 5.379 GC heap after
{Heap after GC invocations=30 (full 2):
 PSYoungGen      total 21504K, used 1024K [0x00000000d5580000, 0x00000000d6f00000, 0x0000000100000000)
  eden space 20480K, 0% used [0x00000000d5580000,0x00000000d5580000,0x00000000d6980000)
  from space 1024K, 100% used [0x00000000d6c00000,0x00000000d6d00000,0x00000000d6d00000)
  to   space 2560K, 0% used [0x00000000d6980000,0x00000000d6980000,0x00000000d6c00000)
 ParOldGen       total 68608K, used 39477K [0x0000000080000000, 0x0000000084300000, 0x00000000d5580000)
  object space 68608K, 57% used [0x0000000080000000,0x000000008268d508,0x0000000084300000)
 Metaspace       used 51618K, committed 52864K, reserved 1114112K
  class space    used 5587K, committed 6144K, reserved 1048576K
}
Event: 5.634 GC heap before
{Heap before GC invocations=31 (full 2):
 PSYoungGen      total 21504K, used 21504K [0x00000000d5580000, 0x00000000d6f00000, 0x0000000100000000)
  eden space 20480K, 100% used [0x00000000d5580000,0x00000000d6980000,0x00000000d6980000)
  from space 1024K, 100% used [0x00000000d6c00000,0x00000000d6d00000,0x00000000d6d00000)
  to   space 2560K, 0% used [0x00000000d6980000,0x00000000d6980000,0x00000000d6c00000)
 ParOldGen       total 68608K, used 39477K [0x0000000080000000, 0x0000000084300000, 0x00000000d5580000)
  object space 68608K, 57% used [0x0000000080000000,0x000000008268d508,0x0000000084300000)
 Metaspace       used 53971K, committed 55232K, reserved 1114112K
  class space    used 5855K, committed 6400K, reserved 1048576K
}
Event: 5.636 GC heap after
{Heap after GC invocations=31 (full 2):
 PSYoungGen      total 23040K, used 2488K [0x00000000d5580000, 0x00000000d6f80000, 0x0000000100000000)
  eden space 20480K, 0% used [0x00000000d5580000,0x00000000d5580000,0x00000000d6980000)
  from space 2560K, 97% used [0x00000000d6980000,0x00000000d6bee3b8,0x00000000d6c00000)
  to   space 3072K, 0% used [0x00000000d6c80000,0x00000000d6c80000,0x00000000d6f80000)
 ParOldGen       total 68608K, used 40330K [0x0000000080000000, 0x0000000084300000, 0x00000000d5580000)
  object space 68608K, 58% used [0x0000000080000000,0x0000000082762bb8,0x0000000084300000)
 Metaspace       used 53971K, committed 55232K, reserved 1114112K
  class space    used 5855K, committed 6400K, reserved 1048576K
}
Event: 5.976 GC heap before
{Heap before GC invocations=32 (full 2):
 PSYoungGen      total 23040K, used 22968K [0x00000000d5580000, 0x00000000d6f80000, 0x0000000100000000)
  eden space 20480K, 99% used [0x00000000d5580000,0x00000000d697fff8,0x00000000d6980000)
  from space 2560K, 97% used [0x00000000d6980000,0x00000000d6bee3b8,0x00000000d6c00000)
  to   space 3072K, 0% used [0x00000000d6c80000,0x00000000d6c80000,0x00000000d6f80000)
 ParOldGen       total 68608K, used 40330K [0x0000000080000000, 0x0000000084300000, 0x00000000d5580000)
  object space 68608K, 58% used [0x0000000080000000,0x0000000082762bb8,0x0000000084300000)
 Metaspace       used 55975K, committed 57280K, reserved 1114112K
  class space    used 6060K, committed 6592K, reserved 1048576K
}
Event: 5.978 GC heap after
{Heap after GC invocations=32 (full 2):
 PSYoungGen      total 22016K, used 1024K [0x00000000d5580000, 0x00000000d6e00000, 0x0000000100000000)
  eden space 20480K, 0% used [0x00000000d5580000,0x00000000d5580000,0x00000000d6980000)
  from space 1536K, 66% used [0x00000000d6c80000,0x00000000d6d80310,0x00000000d6e00000)
  to   space 2048K, 0% used [0x00000000d6a00000,0x00000000d6a00000,0x00000000d6c00000)
 ParOldGen       total 68608K, used 42648K [0x0000000080000000, 0x0000000084300000, 0x00000000d5580000)
  object space 68608K, 62% used [0x0000000080000000,0x00000000829a6178,0x0000000084300000)
 Metaspace       used 55975K, committed 57280K, reserved 1114112K
  class space    used 6060K, committed 6592K, reserved 1048576K
}
Event: 6.238 GC heap before
{Heap before GC invocations=33 (full 2):
 PSYoungGen      total 22016K, used 21504K [0x00000000d5580000, 0x00000000d6e00000, 0x0000000100000000)
  eden space 20480K, 99% used [0x00000000d5580000,0x00000000d697fff0,0x00000000d6980000)
  from space 1536K, 66% used [0x00000000d6c80000,0x00000000d6d80310,0x00000000d6e00000)
  to   space 2048K, 0% used [0x00000000d6a00000,0x00000000d6a00000,0x00000000d6c00000)
 ParOldGen       total 68608K, used 42648K [0x0000000080000000, 0x0000000084300000, 0x00000000d5580000)
  object space 68608K, 62% used [0x0000000080000000,0x00000000829a6178,0x0000000084300000)
 Metaspace       used 57929K, committed 59328K, reserved 1114112K
  class space    used 6276K, committed 6848K, reserved 1048576K
}
Event: 6.241 GC heap after
{Heap after GC invocations=33 (full 2):
 PSYoungGen      total 22528K, used 2016K [0x00000000d5580000, 0x00000000d7280000, 0x0000000100000000)
  eden space 20480K, 0% used [0x00000000d5580000,0x00000000d5580000,0x00000000d6980000)
  from space 2048K, 98% used [0x00000000d6a00000,0x00000000d6bf81c8,0x00000000d6c00000)
  to   space 4608K, 0% used [0x00000000d6e00000,0x00000000d6e00000,0x00000000d7280000)
 ParOldGen       total 68608K, used 44321K [0x0000000080000000, 0x0000000084300000, 0x00000000d5580000)
  object space 68608K, 64% used [0x0000000080000000,0x0000000082b48578,0x0000000084300000)
 Metaspace       used 57929K, committed 59328K, reserved 1114112K
  class space    used 6276K, committed 6848K, reserved 1048576K
}
Event: 6.320 GC heap before
{Heap before GC invocations=34 (full 2):
 PSYoungGen      total 22528K, used 7095K [0x00000000d5580000, 0x00000000d7280000, 0x0000000100000000)
  eden space 20480K, 24% used [0x00000000d5580000,0x00000000d5a75ba0,0x00000000d6980000)
  from space 2048K, 98% used [0x00000000d6a00000,0x00000000d6bf81c8,0x00000000d6c00000)
  to   space 4608K, 0% used [0x00000000d6e00000,0x00000000d6e00000,0x00000000d7280000)
 ParOldGen       total 68608K, used 44321K [0x0000000080000000, 0x0000000084300000, 0x00000000d5580000)
  object space 68608K, 64% used [0x0000000080000000,0x0000000082b48578,0x0000000084300000)
 Metaspace       used 58379K, committed 59776K, reserved 1114112K
  class space    used 6311K, committed 6912K, reserved 1048576K
}
Event: 6.323 GC heap after
{Heap after GC invocations=34 (full 2):
 PSYoungGen      total 22016K, used 1344K [0x00000000d5580000, 0x00000000d6f80000, 0x0000000100000000)
  eden space 20480K, 0% used [0x00000000d5580000,0x00000000d5580000,0x00000000d6980000)
  from space 1536K, 87% used [0x00000000d6e00000,0x00000000d6f50000,0x00000000d6f80000)
  to   space 2560K, 0% used [0x00000000d6a80000,0x00000000d6a80000,0x00000000d6d00000)
 ParOldGen       total 68608K, used 46338K [0x0000000080000000, 0x0000000084300000, 0x00000000d5580000)
  object space 68608K, 67% used [0x0000000080000000,0x0000000082d40a10,0x0000000084300000)
 Metaspace       used 58379K, committed 59776K, reserved 1114112K
  class space    used 6311K, committed 6912K, reserved 1048576K
}
Event: 6.323 GC heap before
{Heap before GC invocations=35 (full 3):
 PSYoungGen      total 22016K, used 1344K [0x00000000d5580000, 0x00000000d6f80000, 0x0000000100000000)
  eden space 20480K, 0% used [0x00000000d5580000,0x00000000d5580000,0x00000000d6980000)
  from space 1536K, 87% used [0x00000000d6e00000,0x00000000d6f50000,0x00000000d6f80000)
  to   space 2560K, 0% used [0x00000000d6a80000,0x00000000d6a80000,0x00000000d6d00000)
 ParOldGen       total 68608K, used 46338K [0x0000000080000000, 0x0000000084300000, 0x00000000d5580000)
  object space 68608K, 67% used [0x0000000080000000,0x0000000082d40a10,0x0000000084300000)
 Metaspace       used 58379K, committed 59776K, reserved 1114112K
  class space    used 6311K, committed 6912K, reserved 1048576K
}
Event: 6.368 GC heap after
{Heap after GC invocations=35 (full 3):
 PSYoungGen      total 22016K, used 0K [0x00000000d5580000, 0x00000000d6f80000, 0x0000000100000000)
  eden space 20480K, 0% used [0x00000000d5580000,0x00000000d5580000,0x00000000d6980000)
  from space 1536K, 0% used [0x00000000d6e00000,0x00000000d6e00000,0x00000000d6f80000)
  to   space 2560K, 0% used [0x00000000d6a80000,0x00000000d6a80000,0x00000000d6d00000)
 ParOldGen       total 68608K, used 41792K [0x0000000080000000, 0x0000000084300000, 0x00000000d5580000)
  object space 68608K, 60% used [0x0000000080000000,0x00000000828d0228,0x0000000084300000)
 Metaspace       used 58379K, committed 59776K, reserved 1114112K
  class space    used 6311K, committed 6912K, reserved 1048576K
}
Event: 6.627 GC heap before
{Heap before GC invocations=36 (full 3):
 PSYoungGen      total 22016K, used 20480K [0x00000000d5580000, 0x00000000d6f80000, 0x0000000100000000)
  eden space 20480K, 100% used [0x00000000d5580000,0x00000000d6980000,0x00000000d6980000)
  from space 1536K, 0% used [0x00000000d6e00000,0x00000000d6e00000,0x00000000d6f80000)
  to   space 2560K, 0% used [0x00000000d6a80000,0x00000000d6a80000,0x00000000d6d00000)
 ParOldGen       total 68608K, used 41792K [0x0000000080000000, 0x0000000084300000, 0x00000000d5580000)
  object space 68608K, 60% used [0x0000000080000000,0x00000000828d0228,0x0000000084300000)
 Metaspace       used 59346K, committed 60736K, reserved 1114112K
  class space    used 6372K, committed 6976K, reserved 1048576K
}
Event: 6.628 GC heap after
{Heap after GC invocations=36 (full 3):
 PSYoungGen      total 23040K, used 912K [0x00000000d5580000, 0x00000000d6e80000, 0x0000000100000000)
  eden space 20480K, 0% used [0x00000000d5580000,0x00000000d5580000,0x00000000d6980000)
  from space 2560K, 35% used [0x00000000d6a80000,0x00000000d6b64010,0x00000000d6d00000)
  to   space 1536K, 0% used [0x00000000d6d00000,0x00000000d6d00000,0x00000000d6e80000)
 ParOldGen       total 68608K, used 41800K [0x0000000080000000, 0x0000000084300000, 0x00000000d5580000)
  object space 68608K, 60% used [0x0000000080000000,0x00000000828d2228,0x0000000084300000)
 Metaspace       used 59346K, committed 60736K, reserved 1114112K
  class space    used 6372K, committed 6976K, reserved 1048576K
}

