# JRE version: OpenJDK Runtime Environment Temurin-21.0.10+7 (21.0.10+7) (build 21.0.10+7-LTS)
# Java VM: OpenJDK 64-Bit Server VM Temurin-21.0.10+7 (21.0.10+7-LTS, mixed mode, sharing, tiered, compressed oops, compressed class ptrs, parallel gc, windows-amd64)
GC Precious Log:
 CardTable entry size: 512
 CPUs: 12 total, 12 available
 Memory: 16009M
 Large Page Support: Disabled
 NUMA Support: Disabled
 Compressed Oops: Enabled (32-bit)
 Alignments: Space 512K, Generation 512K, Heap 2M
 Heap Min Capacity: 100M
 Heap Initial Capacity: 100M
 Heap Max Capacity: 2G
 Pre-touch: Disabled
 Parallel Workers: 10
Heap:
 PSYoungGen      total 22016K, used 3984K [0x00000000d5580000, 0x00000000d6d00000, 0x0000000100000000)
  eden space 20992K, 14% used [0x00000000d5580000,0x00000000d586c2d0,0x00000000d6a00000)
  from space 1024K, 96% used [0x00000000d6b00000,0x00000000d6bf8010,0x00000000d6c00000)
  to   space 1024K, 0% used [0x00000000d6c00000,0x00000000d6c00000,0x00000000d6d00000)
 ParOldGen       total 68608K, used 40340K [0x0000000080000000, 0x0000000084300000, 0x00000000d5580000)
  object space 68608K, 58% used [0x0000000080000000,0x00000000827652e8,0x0000000084300000)
 Metaspace       used 53784K, committed 54976K, reserved 1114112K
  class space    used 5787K, committed 6272K, reserved 1048576K
GC Heap History (20 events):
Event: 9.454 GC heap before
{Heap before GC invocations=22 (full 2):
 PSYoungGen      total 23552K, used 23085K [0x00000000d5580000, 0x00000000d6f00000, 0x0000000100000000)
  eden space 20992K, 100% used [0x00000000d5580000,0x00000000d6a00000,0x00000000d6a00000)
  from space 2560K, 81% used [0x00000000d6a00000,0x00000000d6c0b6a0,0x00000000d6c80000)
  to   space 2560K, 0% used [0x00000000d6c80000,0x00000000d6c80000,0x00000000d6f00000)
 ParOldGen       total 68608K, used 29765K [0x0000000080000000, 0x0000000084300000, 0x00000000d5580000)
  object space 68608K, 43% used [0x0000000080000000,0x0000000081d11500,0x0000000084300000)
 Metaspace       used 38948K, committed 40128K, reserved 1114112K
  class space    used 4088K, committed 4608K, reserved 1048576K
}
Event: 9.460 GC heap after
{Heap after GC invocations=22 (full 2):
 PSYoungGen      total 23040K, used 1888K [0x00000000d5580000, 0x00000000d6e80000, 0x0000000100000000)
  eden space 20992K, 0% used [0x00000000d5580000,0x00000000d5580000,0x00000000d6a00000)
  from space 2048K, 92% used [0x00000000d6c80000,0x00000000d6e58010,0x00000000d6e80000)
  to   space 2048K, 0% used [0x00000000d6a80000,0x00000000d6a80000,0x00000000d6c80000)
 ParOldGen       total 68608K, used 31669K [0x0000000080000000, 0x0000000084300000, 0x00000000d5580000)
  object space 68608K, 46% used [0x0000000080000000,0x0000000081eed6a8,0x0000000084300000)
 Metaspace       used 38948K, committed 40128K, reserved 1114112K
  class space    used 4088K, committed 4608K, reserved 1048576K
}
Event: 9.866 GC heap before
{Heap before GC invocations=23 (full 2):
 PSYoungGen      total 23040K, used 22880K [0x00000000d5580000, 0x00000000d6e80000, 0x0000000100000000)
  eden space 20992K, 100% used [0x00000000d5580000,0x00000000d6a00000,0x00000000d6a00000)
  from space 2048K, 92% used [0x00000000d6c80000,0x00000000d6e58010,0x00000000d6e80000)
  to   space 2048K, 0% used [0x00000000d6a80000,0x00000000d6a80000,0x00000000d6c80000)
 ParOldGen       total 68608K, used 31669K [0x0000000080000000, 0x0000000084300000, 0x00000000d5580000)
  object space 68608K, 46% used [0x0000000080000000,0x0000000081eed6a8,0x0000000084300000)
 Metaspace       used 39516K, committed 40704K, reserved 1114112K
  class space    used 4143K, committed 4672K, reserved 1048576K
}
Event: 9.871 GC heap after
{Heap after GC invocations=23 (full 2):
 PSYoungGen      total 23040K, used 2022K [0x00000000d5580000, 0x00000000d7300000, 0x0000000100000000)
  eden space 20992K, 0% used [0x00000000d5580000,0x00000000d5580000,0x00000000d6a00000)
  from space 2048K, 98% used [0x00000000d6a80000,0x00000000d6c79898,0x00000000d6c80000)
  to   space 4608K, 0% used [0x00000000d6e80000,0x00000000d6e80000,0x00000000d7300000)
 ParOldGen       total 68608K, used 33596K [0x0000000080000000, 0x0000000084300000, 0x00000000d5580000)
  object space 68608K, 48% used [0x0000000080000000,0x00000000820cf308,0x0000000084300000)
 Metaspace       used 39516K, committed 40704K, reserved 1114112K
  class space    used 4143K, committed 4672K, reserved 1048576K
}
Event: 10.158 GC heap before
{Heap before GC invocations=24 (full 2):
 PSYoungGen      total 23040K, used 23014K [0x00000000d5580000, 0x00000000d7300000, 0x0000000100000000)
  eden space 20992K, 100% used [0x00000000d5580000,0x00000000d6a00000,0x00000000d6a00000)
  from space 2048K, 98% used [0x00000000d6a80000,0x00000000d6c79898,0x00000000d6c80000)
  to   space 4608K, 0% used [0x00000000d6e80000,0x00000000d6e80000,0x00000000d7300000)
 ParOldGen       total 68608K, used 33596K [0x0000000080000000, 0x0000000084300000, 0x00000000d5580000)
  object space 68608K, 48% used [0x0000000080000000,0x00000000820cf308,0x0000000084300000)
 Metaspace       used 41787K, committed 42944K, reserved 1114112K
  class space    used 4398K, committed 4928K, reserved 1048576K
}
Event: 10.163 GC heap after
{Heap after GC invocations=24 (full 2):
 PSYoungGen      total 22016K, used 752K [0x00000000d5580000, 0x00000000d6f80000, 0x0000000100000000)
  eden space 20992K, 0% used [0x00000000d5580000,0x00000000d5580000,0x00000000d6a00000)
  from space 1024K, 73% used [0x00000000d6e80000,0x00000000d6f3c010,0x00000000d6f80000)
  to   space 2048K, 0% used [0x00000000d6b80000,0x00000000d6b80000,0x00000000d6d80000)
 ParOldGen       total 68608K, used 35310K [0x0000000080000000, 0x0000000084300000, 0x00000000d5580000)
  object space 68608K, 51% used [0x0000000080000000,0x000000008227bab8,0x0000000084300000)
 Metaspace       used 41787K, committed 42944K, reserved 1114112K
  class space    used 4398K, committed 4928K, reserved 1048576K
}
Event: 10.727 GC heap before
{Heap before GC invocations=25 (full 2):
 PSYoungGen      total 22016K, used 21744K [0x00000000d5580000, 0x00000000d6f80000, 0x0000000100000000)
  eden space 20992K, 100% used [0x00000000d5580000,0x00000000d6a00000,0x00000000d6a00000)
  from space 1024K, 73% used [0x00000000d6e80000,0x00000000d6f3c010,0x00000000d6f80000)
  to   space 2048K, 0% used [0x00000000d6b80000,0x00000000d6b80000,0x00000000d6d80000)
 ParOldGen       total 68608K, used 35310K [0x0000000080000000, 0x0000000084300000, 0x00000000d5580000)
  object space 68608K, 51% used [0x0000000080000000,0x000000008227bab8,0x0000000084300000)
 Metaspace       used 44237K, committed 45376K, reserved 1114112K
  class space    used 4688K, committed 5184K, reserved 1048576K
}
Event: 10.731 GC heap after
{Heap after GC invocations=25 (full 2):
 PSYoungGen      total 23040K, used 1128K [0x00000000d5580000, 0x00000000d6f00000, 0x0000000100000000)
  eden space 20992K, 0% used [0x00000000d5580000,0x00000000d5580000,0x00000000d6a00000)
  from space 2048K, 55% used [0x00000000d6b80000,0x00000000d6c9a2f8,0x00000000d6d80000)
  to   space 1536K, 0% used [0x00000000d6d80000,0x00000000d6d80000,0x00000000d6f00000)
 ParOldGen       total 68608K, used 35833K [0x0000000080000000, 0x0000000084300000, 0x00000000d5580000)
  object space 68608K, 52% used [0x0000000080000000,0x00000000822fe7a8,0x0000000084300000)
 Metaspace       used 44237K, committed 45376K, reserved 1114112K
  class space    used 4688K, committed 5184K, reserved 1048576K
}
Event: 11.323 GC heap before
{Heap before GC invocations=26 (full 2):
 PSYoungGen      total 23040K, used 22120K [0x00000000d5580000, 0x00000000d6f00000, 0x0000000100000000)
  eden space 20992K, 100% used [0x00000000d5580000,0x00000000d6a00000,0x00000000d6a00000)
  from space 2048K, 55% used [0x00000000d6b80000,0x00000000d6c9a2f8,0x00000000d6d80000)
  to   space 1536K, 0% used [0x00000000d6d80000,0x00000000d6d80000,0x00000000d6f00000)
 ParOldGen       total 68608K, used 35833K [0x0000000080000000, 0x0000000084300000, 0x00000000d5580000)
  object space 68608K, 52% used [0x0000000080000000,0x00000000822fe7a8,0x0000000084300000)
 Metaspace       used 45250K, committed 46464K, reserved 1114112K
  class space    used 4800K, committed 5312K, reserved 1048576K
}
Event: 11.328 GC heap after
{Heap after GC invocations=26 (full 2):
 PSYoungGen      total 22528K, used 1522K [0x00000000d5580000, 0x00000000d6f00000, 0x0000000100000000)
  eden space 20992K, 0% used [0x00000000d5580000,0x00000000d5580000,0x00000000d6a00000)
  from space 1536K, 99% used [0x00000000d6d80000,0x00000000d6efcaf0,0x00000000d6f00000)
  to   space 2048K, 0% used [0x00000000d6b00000,0x00000000d6b00000,0x00000000d6d00000)
 ParOldGen       total 68608K, used 37116K [0x0000000080000000, 0x0000000084300000, 0x00000000d5580000)
  object space 68608K, 54% used [0x0000000080000000,0x000000008243f038,0x0000000084300000)
 Metaspace       used 45250K, committed 46464K, reserved 1114112K
  class space    used 4800K, committed 5312K, reserved 1048576K
}
Event: 11.599 GC heap before
{Heap before GC invocations=27 (full 2):
 PSYoungGen      total 22528K, used 22514K [0x00000000d5580000, 0x00000000d6f00000, 0x0000000100000000)
  eden space 20992K, 100% used [0x00000000d5580000,0x00000000d6a00000,0x00000000d6a00000)
  from space 1536K, 99% used [0x00000000d6d80000,0x00000000d6efcaf0,0x00000000d6f00000)
  to   space 2048K, 0% used [0x00000000d6b00000,0x00000000d6b00000,0x00000000d6d00000)
 ParOldGen       total 68608K, used 37116K [0x0000000080000000, 0x0000000084300000, 0x00000000d5580000)
  object space 68608K, 54% used [0x0000000080000000,0x000000008243f038,0x0000000084300000)
 Metaspace       used 45548K, committed 46656K, reserved 1114112K
  class space    used 4841K, committed 5312K, reserved 1048576K
}
Event: 11.601 GC heap after
{Heap after GC invocations=27 (full 2):
 PSYoungGen      total 22528K, used 1033K [0x00000000d5580000, 0x00000000d6e00000, 0x0000000100000000)
  eden space 20992K, 0% used [0x00000000d5580000,0x00000000d5580000,0x00000000d6a00000)
  from space 1536K, 67% used [0x00000000d6b00000,0x00000000d6c02740,0x00000000d6c80000)
  to   space 1536K, 0% used [0x00000000d6c80000,0x00000000d6c80000,0x00000000d6e00000)
 ParOldGen       total 68608K, used 37570K [0x0000000080000000, 0x0000000084300000, 0x00000000d5580000)
  object space 68608K, 54% used [0x0000000080000000,0x00000000824b0b60,0x0000000084300000)
 Metaspace       used 45548K, committed 46656K, reserved 1114112K
  class space    used 4841K, committed 5312K, reserved 1048576K
}
Event: 12.016 GC heap before
{Heap before GC invocations=28 (full 2):
 PSYoungGen      total 22528K, used 22025K [0x00000000d5580000, 0x00000000d6e00000, 0x0000000100000000)
  eden space 20992K, 100% used [0x00000000d5580000,0x00000000d6a00000,0x00000000d6a00000)
  from space 1536K, 67% used [0x00000000d6b00000,0x00000000d6c02740,0x00000000d6c80000)
  to   space 1536K, 0% used [0x00000000d6c80000,0x00000000d6c80000,0x00000000d6e00000)
 ParOldGen       total 68608K, used 37570K [0x0000000080000000, 0x0000000084300000, 0x00000000d5580000)
  object space 68608K, 54% used [0x0000000080000000,0x00000000824b0b60,0x0000000084300000)
 Metaspace       used 47942K, committed 49088K, reserved 1114112K
  class space    used 5077K, committed 5568K, reserved 1048576K
}
Event: 12.018 GC heap after
{Heap after GC invocations=28 (full 2):
 PSYoungGen      total 22528K, used 1055K [0x00000000d5580000, 0x00000000d6e00000, 0x0000000100000000)
  eden space 20992K, 0% used [0x00000000d5580000,0x00000000d5580000,0x00000000d6a00000)
  from space 1536K, 68% used [0x00000000d6c80000,0x00000000d6d87d08,0x00000000d6e00000)
  to   space 1536K, 0% used [0x00000000d6b00000,0x00000000d6b00000,0x00000000d6c80000)
 ParOldGen       total 68608K, used 37778K [0x0000000080000000, 0x0000000084300000, 0x00000000d5580000)
  object space 68608K, 55% used [0x0000000080000000,0x00000000824e4860,0x0000000084300000)
 Metaspace       used 47942K, committed 49088K, reserved 1114112K
  class space    used 5077K, committed 5568K, reserved 1048576K
}
Event: 12.446 GC heap before
{Heap before GC invocations=29 (full 2):
 PSYoungGen      total 22528K, used 22047K [0x00000000d5580000, 0x00000000d6e00000, 0x0000000100000000)
  eden space 20992K, 100% used [0x00000000d5580000,0x00000000d6a00000,0x00000000d6a00000)
  from space 1536K, 68% used [0x00000000d6c80000,0x00000000d6d87d08,0x00000000d6e00000)
  to   space 1536K, 0% used [0x00000000d6b00000,0x00000000d6b00000,0x00000000d6c80000)
 ParOldGen       total 68608K, used 37778K [0x0000000080000000, 0x0000000084300000, 0x00000000d5580000)
  object space 68608K, 55% used [0x0000000080000000,0x00000000824e4860,0x0000000084300000)
 Metaspace       used 49410K, committed 50624K, reserved 1114112K
  class space    used 5287K, committed 5824K, reserved 1048576K
}
Event: 12.449 GC heap after
{Heap after GC invocations=29 (full 2):
 PSYoungGen      total 22016K, used 960K [0x00000000d5580000, 0x00000000d6d00000, 0x0000000100000000)
  eden space 20992K, 0% used [0x00000000d5580000,0x00000000d5580000,0x00000000d6a00000)
  from space 1024K, 93% used [0x00000000d6b00000,0x00000000d6bf0020,0x00000000d6c00000)
  to   space 1024K, 0% used [0x00000000d6c00000,0x00000000d6c00000,0x00000000d6d00000)
 ParOldGen       total 68608K, used 38382K [0x0000000080000000, 0x0000000084300000, 0x00000000d5580000)
  object space 68608K, 55% used [0x0000000080000000,0x000000008257b890,0x0000000084300000)
 Metaspace       used 49410K, committed 50624K, reserved 1114112K
  class space    used 5287K, committed 5824K, reserved 1048576K
}
Event: 12.829 GC heap before
{Heap before GC invocations=30 (full 2):
 PSYoungGen      total 22016K, used 21952K [0x00000000d5580000, 0x00000000d6d00000, 0x0000000100000000)
  eden space 20992K, 100% used [0x00000000d5580000,0x00000000d6a00000,0x00000000d6a00000)
  from space 1024K, 93% used [0x00000000d6b00000,0x00000000d6bf0020,0x00000000d6c00000)
  to   space 1024K, 0% used [0x00000000d6c00000,0x00000000d6c00000,0x00000000d6d00000)
 ParOldGen       total 68608K, used 38382K [0x0000000080000000, 0x0000000084300000, 0x00000000d5580000)
  object space 68608K, 55% used [0x0000000080000000,0x000000008257b890,0x0000000084300000)
 Metaspace       used 51156K, committed 52288K, reserved 1114112K
  class space    used 5513K, committed 6016K, reserved 1048576K
}
Event: 12.832 GC heap after
{Heap after GC invocations=30 (full 2):
 PSYoungGen      total 22016K, used 853K [0x00000000d5580000, 0x00000000d6d00000, 0x0000000100000000)
  eden space 20992K, 0% used [0x00000000d5580000,0x00000000d5580000,0x00000000d6a00000)
  from space 1024K, 83% used [0x00000000d6c00000,0x00000000d6cd57e0,0x00000000d6d00000)
  to   space 1024K, 0% used [0x00000000d6b00000,0x00000000d6b00000,0x00000000d6c00000)
 ParOldGen       total 68608K, used 39145K [0x0000000080000000, 0x0000000084300000, 0x00000000d5580000)
  object space 68608K, 57% used [0x0000000080000000,0x000000008263a570,0x0000000084300000)
 Metaspace       used 51156K, committed 52288K, reserved 1114112K
  class space    used 5513K, committed 6016K, reserved 1048576K
}
Event: 13.461 GC heap before
{Heap before GC invocations=31 (full 2):
 PSYoungGen      total 22016K, used 21845K [0x00000000d5580000, 0x00000000d6d00000, 0x0000000100000000)
  eden space 20992K, 100% used [0x00000000d5580000,0x00000000d6a00000,0x00000000d6a00000)
  from space 1024K, 83% used [0x00000000d6c00000,0x00000000d6cd57e0,0x00000000d6d00000)
  to   space 1024K, 0% used [0x00000000d6b00000,0x00000000d6b00000,0x00000000d6c00000)
 ParOldGen       total 68608K, used 39145K [0x0000000080000000, 0x0000000084300000, 0x00000000d5580000)
  object space 68608K, 57% used [0x0000000080000000,0x000000008263a570,0x0000000084300000)
 Metaspace       used 53623K, committed 54848K, reserved 1114112K
  class space    used 5772K, committed 6272K, reserved 1048576K
}
Event: 15.482 GC heap after
{Heap after GC invocations=31 (full 2):
 PSYoungGen      total 22016K, used 992K [0x00000000d5580000, 0x00000000d6d00000, 0x0000000100000000)
  eden space 20992K, 0% used [0x00000000d5580000,0x00000000d5580000,0x00000000d6a00000)
  from space 1024K, 96% used [0x00000000d6b00000,0x00000000d6bf8010,0x00000000d6c00000)
  to   space 1024K, 0% used [0x00000000d6c00000,0x00000000d6c00000,0x00000000d6d00000)
 ParOldGen       total 68608K, used 40340K [0x0000000080000000, 0x0000000084300000, 0x00000000d5580000)
  object space 68608K, 58% used [0x0000000080000000,0x00000000827652e8,0x0000000084300000)
 Metaspace       used 53623K, committed 54848K, reserved 1114112K
  class space    used 5772K, committed 6272K, reserved 1048576K
}

