# JRE version: OpenJDK Runtime Environment Temurin-21.0.10+7 (21.0.10+7) (build 21.0.10+7-LTS)
# Java VM: OpenJDK 64-Bit Server VM Temurin-21.0.10+7 (21.0.10+7-LTS, mixed mode, sharing, tiered, compressed oops, compressed class ptrs, parallel gc, windows-amd64)
GC Precious Log:
 CardTable entry size: 512
 CPUs: 12 total, 12 available
 Memory: 16009M
 Large Page Support: Disabled
 NUMA Support: Disabled
 Compressed Oops: Enabled (32-bit)
 Alignments: Space 512K, Generation 512K, Heap 2M
 Heap Min Capacity: 100M
 Heap Initial Capacity: 100M
 Heap Max Capacity: 2G
 Pre-touch: Disabled
 Parallel Workers: 10
Heap:
 PSYoungGen      total 23040K, used 19653K [0x00000000d5580000, 0x00000000d6e00000, 0x0000000100000000)
  eden space 22016K, 85% used [0x00000000d5580000,0x00000000d67c9788,0x00000000d6b00000)
  from space 1024K, 90% used [0x00000000d6d00000,0x00000000d6de8000,0x00000000d6e00000)
  to   space 1024K, 0% used [0x00000000d6c00000,0x00000000d6c00000,0x00000000d6d00000)
 ParOldGen       total 68608K, used 37774K [0x0000000080000000, 0x0000000084300000, 0x00000000d5580000)
  object space 68608K, 55% used [0x0000000080000000,0x00000000824e3828,0x0000000084300000)
 Metaspace       used 49414K, committed 50688K, reserved 1114112K
  class space    used 5305K, committed 5888K, reserved 1048576K
GC Heap History (20 events):
Event: 4.984 GC heap before
{Heap before GC invocations=19 (full 2):
 PSYoungGen      total 24576K, used 24384K [0x00000000d5580000, 0x00000000d7000000, 0x0000000100000000)
  eden space 22016K, 100% used [0x00000000d5580000,0x00000000d6b00000,0x00000000d6b00000)
  from space 2560K, 92% used [0x00000000d6d80000,0x00000000d6fd0010,0x00000000d7000000)
  to   space 2560K, 0% used [0x00000000d6b00000,0x00000000d6b00000,0x00000000d6d80000)
 ParOldGen       total 68608K, used 23555K [0x0000000080000000, 0x0000000084300000, 0x00000000d5580000)
  object space 68608K, 34% used [0x0000000080000000,0x0000000081700e50,0x0000000084300000)
 Metaspace       used 37812K, committed 39040K, reserved 1114112K
  class space    used 3947K, committed 4480K, reserved 1048576K
}
Event: 4.986 GC heap after
{Heap after GC invocations=19 (full 2):
 PSYoungGen      total 24576K, used 2531K [0x00000000d5580000, 0x00000000d7600000, 0x0000000100000000)
  eden space 22016K, 0% used [0x00000000d5580000,0x00000000d5580000,0x00000000d6b00000)
  from space 2560K, 98% used [0x00000000d6b00000,0x00000000d6d78c60,0x00000000d6d80000)
  to   space 5632K, 0% used [0x00000000d7080000,0x00000000d7080000,0x00000000d7600000)
 ParOldGen       total 68608K, used 25763K [0x0000000080000000, 0x0000000084300000, 0x00000000d5580000)
  object space 68608K, 37% used [0x0000000080000000,0x0000000081928e60,0x0000000084300000)
 Metaspace       used 37812K, committed 39040K, reserved 1114112K
  class space    used 3947K, committed 4480K, reserved 1048576K
}
Event: 5.022 GC heap before
{Heap before GC invocations=20 (full 2):
 PSYoungGen      total 24576K, used 24547K [0x00000000d5580000, 0x00000000d7600000, 0x0000000100000000)
  eden space 22016K, 100% used [0x00000000d5580000,0x00000000d6b00000,0x00000000d6b00000)
  from space 2560K, 98% used [0x00000000d6b00000,0x00000000d6d78c60,0x00000000d6d80000)
  to   space 5632K, 0% used [0x00000000d7080000,0x00000000d7080000,0x00000000d7600000)
 ParOldGen       total 68608K, used 25763K [0x0000000080000000, 0x0000000084300000, 0x00000000d5580000)
  object space 68608K, 37% used [0x0000000080000000,0x0000000081928e60,0x0000000084300000)
 Metaspace       used 38131K, committed 39232K, reserved 1114112K
  class space    used 3994K, committed 4480K, reserved 1048576K
}
Event: 5.025 GC heap after
{Heap after GC invocations=20 (full 2):
 PSYoungGen      total 25088K, used 2628K [0x00000000d5580000, 0x00000000d7380000, 0x0000000100000000)
  eden space 22016K, 0% used [0x00000000d5580000,0x00000000d5580000,0x00000000d6b00000)
  from space 3072K, 85% used [0x00000000d7080000,0x00000000d7311000,0x00000000d7380000)
  to   space 3584K, 0% used [0x00000000d6c80000,0x00000000d6c80000,0x00000000d7000000)
 ParOldGen       total 68608K, used 27938K [0x0000000080000000, 0x0000000084300000, 0x00000000d5580000)
  object space 68608K, 40% used [0x0000000080000000,0x0000000081b48810,0x0000000084300000)
 Metaspace       used 38131K, committed 39232K, reserved 1114112K
  class space    used 3994K, committed 4480K, reserved 1048576K
}
Event: 5.070 GC heap before
{Heap before GC invocations=21 (full 2):
 PSYoungGen      total 25088K, used 24634K [0x00000000d5580000, 0x00000000d7380000, 0x0000000100000000)
  eden space 22016K, 99% used [0x00000000d5580000,0x00000000d6afd990,0x00000000d6b00000)
  from space 3072K, 85% used [0x00000000d7080000,0x00000000d7311000,0x00000000d7380000)
  to   space 3584K, 0% used [0x00000000d6c80000,0x00000000d6c80000,0x00000000d7000000)
 ParOldGen       total 68608K, used 27938K [0x0000000080000000, 0x0000000084300000, 0x00000000d5580000)
  object space 68608K, 40% used [0x0000000080000000,0x0000000081b48810,0x0000000084300000)
 Metaspace       used 38434K, committed 39616K, reserved 1114112K
  class space    used 4039K, committed 4544K, reserved 1048576K
}
Event: 5.072 GC heap after
{Heap after GC invocations=21 (full 2):
 PSYoungGen      total 24576K, used 2391K [0x00000000d5580000, 0x00000000d7100000, 0x0000000100000000)
  eden space 22016K, 0% used [0x00000000d5580000,0x00000000d5580000,0x00000000d6b00000)
  from space 2560K, 93% used [0x00000000d6c80000,0x00000000d6ed5c28,0x00000000d6f00000)
  to   space 2048K, 0% used [0x00000000d6f00000,0x00000000d6f00000,0x00000000d7100000)
 ParOldGen       total 68608K, used 30402K [0x0000000080000000, 0x0000000084300000, 0x00000000d5580000)
  object space 68608K, 44% used [0x0000000080000000,0x0000000081db0ab8,0x0000000084300000)
 Metaspace       used 38434K, committed 39616K, reserved 1114112K
  class space    used 4039K, committed 4544K, reserved 1048576K
}
Event: 5.105 GC heap before
{Heap before GC invocations=22 (full 2):
 PSYoungGen      total 24576K, used 24407K [0x00000000d5580000, 0x00000000d7100000, 0x0000000100000000)
  eden space 22016K, 100% used [0x00000000d5580000,0x00000000d6b00000,0x00000000d6b00000)
  from space 2560K, 93% used [0x00000000d6c80000,0x00000000d6ed5c28,0x00000000d6f00000)
  to   space 2048K, 0% used [0x00000000d6f00000,0x00000000d6f00000,0x00000000d7100000)
 ParOldGen       total 68608K, used 30402K [0x0000000080000000, 0x0000000084300000, 0x00000000d5580000)
  object space 68608K, 44% used [0x0000000080000000,0x0000000081db0ab8,0x0000000084300000)
 Metaspace       used 38555K, committed 39680K, reserved 1114112K
  class space    used 4057K, committed 4544K, reserved 1048576K
}
Event: 5.108 GC heap after
{Heap after GC invocations=22 (full 2):
 PSYoungGen      total 24064K, used 2032K [0x00000000d5580000, 0x00000000d7100000, 0x0000000100000000)
  eden space 22016K, 0% used [0x00000000d5580000,0x00000000d5580000,0x00000000d6b00000)
  from space 2048K, 99% used [0x00000000d6f00000,0x00000000d70fc010,0x00000000d7100000)
  to   space 2560K, 0% used [0x00000000d6c00000,0x00000000d6c00000,0x00000000d6e80000)
 ParOldGen       total 68608K, used 32617K [0x0000000080000000, 0x0000000084300000, 0x00000000d5580000)
  object space 68608K, 47% used [0x0000000080000000,0x0000000081fda6f0,0x0000000084300000)
 Metaspace       used 38555K, committed 39680K, reserved 1114112K
  class space    used 4057K, committed 4544K, reserved 1048576K
}
Event: 5.200 GC heap before
{Heap before GC invocations=23 (full 2):
 PSYoungGen      total 24064K, used 24048K [0x00000000d5580000, 0x00000000d7100000, 0x0000000100000000)
  eden space 22016K, 100% used [0x00000000d5580000,0x00000000d6b00000,0x00000000d6b00000)
  from space 2048K, 99% used [0x00000000d6f00000,0x00000000d70fc010,0x00000000d7100000)
  to   space 2560K, 0% used [0x00000000d6c00000,0x00000000d6c00000,0x00000000d6e80000)
 ParOldGen       total 68608K, used 32617K [0x0000000080000000, 0x0000000084300000, 0x00000000d5580000)
  object space 68608K, 47% used [0x0000000080000000,0x0000000081fda6f0,0x0000000084300000)
 Metaspace       used 40329K, committed 41536K, reserved 1114112K
  class space    used 4230K, committed 4736K, reserved 1048576K
}
Event: 5.201 GC heap after
{Heap after GC invocations=23 (full 2):
 PSYoungGen      total 23552K, used 1111K [0x00000000d5580000, 0x00000000d6f80000, 0x0000000100000000)
  eden space 22016K, 0% used [0x00000000d5580000,0x00000000d5580000,0x00000000d6b00000)
  from space 1536K, 72% used [0x00000000d6c00000,0x00000000d6d15eb0,0x00000000d6d80000)
  to   space 1536K, 0% used [0x00000000d6e00000,0x00000000d6e00000,0x00000000d6f80000)
 ParOldGen       total 68608K, used 34519K [0x0000000080000000, 0x0000000084300000, 0x00000000d5580000)
  object space 68608K, 50% used [0x0000000080000000,0x00000000821b5c68,0x0000000084300000)
 Metaspace       used 40329K, committed 41536K, reserved 1114112K
  class space    used 4230K, committed 4736K, reserved 1048576K
}
Event: 5.337 GC heap before
{Heap before GC invocations=24 (full 2):
 PSYoungGen      total 23552K, used 23127K [0x00000000d5580000, 0x00000000d6f80000, 0x0000000100000000)
  eden space 22016K, 100% used [0x00000000d5580000,0x00000000d6b00000,0x00000000d6b00000)
  from space 1536K, 72% used [0x00000000d6c00000,0x00000000d6d15eb0,0x00000000d6d80000)
  to   space 1536K, 0% used [0x00000000d6e00000,0x00000000d6e00000,0x00000000d6f80000)
 ParOldGen       total 68608K, used 34519K [0x0000000080000000, 0x0000000084300000, 0x00000000d5580000)
  object space 68608K, 50% used [0x0000000080000000,0x00000000821b5c68,0x0000000084300000)
 Metaspace       used 42329K, committed 43584K, reserved 1114112K
  class space    used 4485K, committed 5056K, reserved 1048576K
}
Event: 5.338 GC heap after
{Heap after GC invocations=24 (full 2):
 PSYoungGen      total 23040K, used 888K [0x00000000d5580000, 0x00000000d6f00000, 0x0000000100000000)
  eden space 22016K, 0% used [0x00000000d5580000,0x00000000d5580000,0x00000000d6b00000)
  from space 1024K, 86% used [0x00000000d6e00000,0x00000000d6ede2e8,0x00000000d6f00000)
  to   space 1536K, 0% used [0x00000000d6c00000,0x00000000d6c00000,0x00000000d6d80000)
 ParOldGen       total 68608K, used 35402K [0x0000000080000000, 0x0000000084300000, 0x00000000d5580000)
  object space 68608K, 51% used [0x0000000080000000,0x0000000082292958,0x0000000084300000)
 Metaspace       used 42329K, committed 43584K, reserved 1114112K
  class space    used 4485K, committed 5056K, reserved 1048576K
}
Event: 5.435 GC heap before
{Heap before GC invocations=25 (full 2):
 PSYoungGen      total 23040K, used 22904K [0x00000000d5580000, 0x00000000d6f00000, 0x0000000100000000)
  eden space 22016K, 100% used [0x00000000d5580000,0x00000000d6b00000,0x00000000d6b00000)
  from space 1024K, 86% used [0x00000000d6e00000,0x00000000d6ede2e8,0x00000000d6f00000)
  to   space 1536K, 0% used [0x00000000d6c00000,0x00000000d6c00000,0x00000000d6d80000)
 ParOldGen       total 68608K, used 35402K [0x0000000080000000, 0x0000000084300000, 0x00000000d5580000)
  object space 68608K, 51% used [0x0000000080000000,0x0000000082292958,0x0000000084300000)
 Metaspace       used 43882K, committed 45184K, reserved 1114112K
  class space    used 4662K, committed 5248K, reserved 1048576K
}
Event: 5.436 GC heap after
{Heap after GC invocations=25 (full 2):
 PSYoungGen      total 23552K, used 1514K [0x00000000d5580000, 0x00000000d7000000, 0x0000000100000000)
  eden space 22016K, 0% used [0x00000000d5580000,0x00000000d5580000,0x00000000d6b00000)
  from space 1536K, 98% used [0x00000000d6c00000,0x00000000d6d7abe8,0x00000000d6d80000)
  to   space 2560K, 0% used [0x00000000d6d80000,0x00000000d6d80000,0x00000000d7000000)
 ParOldGen       total 68608K, used 36129K [0x0000000080000000, 0x0000000084300000, 0x00000000d5580000)
  object space 68608K, 52% used [0x0000000080000000,0x00000000823486f8,0x0000000084300000)
 Metaspace       used 43882K, committed 45184K, reserved 1114112K
  class space    used 4662K, committed 5248K, reserved 1048576K
}
Event: 5.499 GC heap before
{Heap before GC invocations=26 (full 2):
 PSYoungGen      total 23552K, used 23530K [0x00000000d5580000, 0x00000000d7000000, 0x0000000100000000)
  eden space 22016K, 100% used [0x00000000d5580000,0x00000000d6b00000,0x00000000d6b00000)
  from space 1536K, 98% used [0x00000000d6c00000,0x00000000d6d7abe8,0x00000000d6d80000)
  to   space 2560K, 0% used [0x00000000d6d80000,0x00000000d6d80000,0x00000000d7000000)
 ParOldGen       total 68608K, used 36129K [0x0000000080000000, 0x0000000084300000, 0x00000000d5580000)
  object space 68608K, 52% used [0x0000000080000000,0x00000000823486f8,0x0000000084300000)
 Metaspace       used 44140K, committed 45376K, reserved 1114112K
  class space    used 4688K, committed 5248K, reserved 1048576K
}
Event: 5.500 GC heap after
{Heap after GC invocations=26 (full 2):
 PSYoungGen      total 23040K, used 733K [0x00000000d5580000, 0x00000000d6e80000, 0x0000000100000000)
  eden space 22016K, 0% used [0x00000000d5580000,0x00000000d5580000,0x00000000d6b00000)
  from space 1024K, 71% used [0x00000000d6d80000,0x00000000d6e37458,0x00000000d6e80000)
  to   space 1536K, 0% used [0x00000000d6b80000,0x00000000d6b80000,0x00000000d6d00000)
 ParOldGen       total 68608K, used 37254K [0x0000000080000000, 0x0000000084300000, 0x00000000d5580000)
  object space 68608K, 54% used [0x0000000080000000,0x0000000082461828,0x0000000084300000)
 Metaspace       used 44140K, committed 45376K, reserved 1114112K
  class space    used 4688K, committed 5248K, reserved 1048576K
}
Event: 5.622 GC heap before
{Heap before GC invocations=27 (full 2):
 PSYoungGen      total 23040K, used 22749K [0x00000000d5580000, 0x00000000d6e80000, 0x0000000100000000)
  eden space 22016K, 100% used [0x00000000d5580000,0x00000000d6b00000,0x00000000d6b00000)
  from space 1024K, 71% used [0x00000000d6d80000,0x00000000d6e37458,0x00000000d6e80000)
  to   space 1536K, 0% used [0x00000000d6b80000,0x00000000d6b80000,0x00000000d6d00000)
 ParOldGen       total 68608K, used 37254K [0x0000000080000000, 0x0000000084300000, 0x00000000d5580000)
  object space 68608K, 54% used [0x0000000080000000,0x0000000082461828,0x0000000084300000)
 Metaspace       used 46563K, committed 47872K, reserved 1114112K
  class space    used 4927K, committed 5504K, reserved 1048576K
}
Event: 5.623 GC heap after
{Heap after GC invocations=27 (full 2):
 PSYoungGen      total 23552K, used 576K [0x00000000d5580000, 0x00000000d6e00000, 0x0000000100000000)
  eden space 22016K, 0% used [0x00000000d5580000,0x00000000d5580000,0x00000000d6b00000)
  from space 1536K, 37% used [0x00000000d6b80000,0x00000000d6c10000,0x00000000d6d00000)
  to   space 1024K, 0% used [0x00000000d6d00000,0x00000000d6d00000,0x00000000d6e00000)
 ParOldGen       total 68608K, used 37374K [0x0000000080000000, 0x0000000084300000, 0x00000000d5580000)
  object space 68608K, 54% used [0x0000000080000000,0x000000008247f828,0x0000000084300000)
 Metaspace       used 46563K, committed 47872K, reserved 1114112K
  class space    used 4927K, committed 5504K, reserved 1048576K
}
Event: 5.761 GC heap before
{Heap before GC invocations=28 (full 2):
 PSYoungGen      total 23552K, used 22592K [0x00000000d5580000, 0x00000000d6e00000, 0x0000000100000000)
  eden space 22016K, 100% used [0x00000000d5580000,0x00000000d6b00000,0x00000000d6b00000)
  from space 1536K, 37% used [0x00000000d6b80000,0x00000000d6c10000,0x00000000d6d00000)
  to   space 1024K, 0% used [0x00000000d6d00000,0x00000000d6d00000,0x00000000d6e00000)
 ParOldGen       total 68608K, used 37374K [0x0000000080000000, 0x0000000084300000, 0x00000000d5580000)
  object space 68608K, 54% used [0x0000000080000000,0x000000008247f828,0x0000000084300000)
 Metaspace       used 48063K, committed 49344K, reserved 1114112K
  class space    used 5121K, committed 5696K, reserved 1048576K
}
Event: 5.762 GC heap after
{Heap after GC invocations=28 (full 2):
 PSYoungGen      total 23040K, used 928K [0x00000000d5580000, 0x00000000d6e00000, 0x0000000100000000)
  eden space 22016K, 0% used [0x00000000d5580000,0x00000000d5580000,0x00000000d6b00000)
  from space 1024K, 90% used [0x00000000d6d00000,0x00000000d6de8000,0x00000000d6e00000)
  to   space 1024K, 0% used [0x00000000d6c00000,0x00000000d6c00000,0x00000000d6d00000)
 ParOldGen       total 68608K, used 37774K [0x0000000080000000, 0x0000000084300000, 0x00000000d5580000)
  object space 68608K, 55% used [0x0000000080000000,0x00000000824e3828,0x0000000084300000)
 Metaspace       used 48063K, committed 49344K, reserved 1114112K
  class space    used 5121K, committed 5696K, reserved 1048576K
}

