# JRE version: OpenJDK Runtime Environment Temurin-21.0.10+7 (21.0.10+7) (build 21.0.10+7-LTS)
# Java VM: OpenJDK 64-Bit Server VM Temurin-21.0.10+7 (21.0.10+7-LTS, mixed mode, sharing, tiered, compressed oops, compressed class ptrs, parallel gc, windows-amd64)
GC Precious Log:
 CardTable entry size: 512
 CPUs: 12 total, 12 available
 Memory: 16009M
 Large Page Support: Disabled
 NUMA Support: Disabled
 Compressed Oops: Enabled (32-bit)
 Alignments: Space 512K, Generation 512K, Heap 2M
 Heap Min Capacity: 100M
 Heap Initial Capacity: 100M
 Heap Max Capacity: 2G
 Pre-touch: Disabled
 Parallel Workers: 10
Heap:
 PSYoungGen      total 23040K, used 11658K [0x00000000d5580000, 0x00000000d6e00000, 0x0000000100000000)
  eden space 22016K, 50% used [0x00000000d5580000,0x00000000d6042a28,0x00000000d6b00000)
  from space 1024K, 62% used [0x00000000d6c80000,0x00000000d6d20000,0x00000000d6d80000)
  to   space 512K, 0% used [0x00000000d6d80000,0x00000000d6d80000,0x00000000d6e00000)
 ParOldGen       total 68608K, used 37433K [0x0000000080000000, 0x0000000084300000, 0x00000000d5580000)
  object space 68608K, 54% used [0x0000000080000000,0x000000008248e600,0x0000000084300000)
 Metaspace       used 47617K, committed 48896K, reserved 1114112K
  class space    used 5089K, committed 5632K, reserved 1048576K
GC Heap History (20 events):
Event: 5.015 GC heap before
{Heap before GC invocations=18 (full 2):
 PSYoungGen      total 24576K, used 24097K [0x00000000d5580000, 0x00000000d7000000, 0x0000000100000000)
  eden space 22016K, 100% used [0x00000000d5580000,0x00000000d6b00000,0x00000000d6b00000)
  from space 2560K, 81% used [0x00000000d6b00000,0x00000000d6d08420,0x00000000d6d80000)
  to   space 2560K, 0% used [0x00000000d6d80000,0x00000000d6d80000,0x00000000d7000000)
 ParOldGen       total 68608K, used 21509K [0x0000000080000000, 0x0000000084300000, 0x00000000d5580000)
  object space 68608K, 31% used [0x0000000080000000,0x0000000081501648,0x0000000084300000)
 Metaspace       used 37920K, committed 39168K, reserved 1114112K
  class space    used 3981K, committed 4544K, reserved 1048576K
}
Event: 5.018 GC heap after
{Heap after GC invocations=18 (full 2):
 PSYoungGen      total 24576K, used 2400K [0x00000000d5580000, 0x00000000d7000000, 0x0000000100000000)
  eden space 22016K, 0% used [0x00000000d5580000,0x00000000d5580000,0x00000000d6b00000)
  from space 2560K, 93% used [0x00000000d6d80000,0x00000000d6fd8010,0x00000000d7000000)
  to   space 2560K, 0% used [0x00000000d6b00000,0x00000000d6b00000,0x00000000d6d80000)
 ParOldGen       total 68608K, used 23453K [0x0000000080000000, 0x0000000084300000, 0x00000000d5580000)
  object space 68608K, 34% used [0x0000000080000000,0x00000000816e7768,0x0000000084300000)
 Metaspace       used 37920K, committed 39168K, reserved 1114112K
  class space    used 3981K, committed 4544K, reserved 1048576K
}
Event: 5.069 GC heap before
{Heap before GC invocations=19 (full 2):
 PSYoungGen      total 24576K, used 24416K [0x00000000d5580000, 0x00000000d7000000, 0x0000000100000000)
  eden space 22016K, 100% used [0x00000000d5580000,0x00000000d6b00000,0x00000000d6b00000)
  from space 2560K, 93% used [0x00000000d6d80000,0x00000000d6fd8010,0x00000000d7000000)
  to   space 2560K, 0% used [0x00000000d6b00000,0x00000000d6b00000,0x00000000d6d80000)
 ParOldGen       total 68608K, used 23453K [0x0000000080000000, 0x0000000084300000, 0x00000000d5580000)
  object space 68608K, 34% used [0x0000000080000000,0x00000000816e7768,0x0000000084300000)
 Metaspace       used 38327K, committed 39488K, reserved 1114112K
  class space    used 4034K, committed 4544K, reserved 1048576K
}
Event: 5.072 GC heap after
{Heap after GC invocations=19 (full 2):
 PSYoungGen      total 24576K, used 2529K [0x00000000d5580000, 0x00000000d7600000, 0x0000000100000000)
  eden space 22016K, 0% used [0x00000000d5580000,0x00000000d5580000,0x00000000d6b00000)
  from space 2560K, 98% used [0x00000000d6b00000,0x00000000d6d785d0,0x00000000d6d80000)
  to   space 5632K, 0% used [0x00000000d7080000,0x00000000d7080000,0x00000000d7600000)
 ParOldGen       total 68608K, used 25701K [0x0000000080000000, 0x0000000084300000, 0x00000000d5580000)
  object space 68608K, 37% used [0x0000000080000000,0x0000000081919778,0x0000000084300000)
 Metaspace       used 38327K, committed 39488K, reserved 1114112K
  class space    used 4034K, committed 4544K, reserved 1048576K
}
Event: 5.108 GC heap before
{Heap before GC invocations=20 (full 2):
 PSYoungGen      total 24576K, used 24545K [0x00000000d5580000, 0x00000000d7600000, 0x0000000100000000)
  eden space 22016K, 100% used [0x00000000d5580000,0x00000000d6b00000,0x00000000d6b00000)
  from space 2560K, 98% used [0x00000000d6b00000,0x00000000d6d785d0,0x00000000d6d80000)
  to   space 5632K, 0% used [0x00000000d7080000,0x00000000d7080000,0x00000000d7600000)
 ParOldGen       total 68608K, used 25701K [0x0000000080000000, 0x0000000084300000, 0x00000000d5580000)
  object space 68608K, 37% used [0x0000000080000000,0x0000000081919778,0x0000000084300000)
 Metaspace       used 38498K, committed 39680K, reserved 1114112K
  class space    used 4064K, committed 4608K, reserved 1048576K
}
Event: 5.110 GC heap after
{Heap after GC invocations=20 (full 2):
 PSYoungGen      total 24576K, used 2111K [0x00000000d5580000, 0x00000000d7300000, 0x0000000100000000)
  eden space 22016K, 0% used [0x00000000d5580000,0x00000000d5580000,0x00000000d6b00000)
  from space 2560K, 82% used [0x00000000d7080000,0x00000000d728fd40,0x00000000d7300000)
  to   space 3584K, 0% used [0x00000000d6c00000,0x00000000d6c00000,0x00000000d6f80000)
 ParOldGen       total 68608K, used 27998K [0x0000000080000000, 0x0000000084300000, 0x00000000d5580000)
  object space 68608K, 40% used [0x0000000080000000,0x0000000081b57920,0x0000000084300000)
 Metaspace       used 38498K, committed 39680K, reserved 1114112K
  class space    used 4064K, committed 4608K, reserved 1048576K
}
Event: 5.138 GC heap before
{Heap before GC invocations=21 (full 2):
 PSYoungGen      total 24576K, used 24127K [0x00000000d5580000, 0x00000000d7300000, 0x0000000100000000)
  eden space 22016K, 100% used [0x00000000d5580000,0x00000000d6b00000,0x00000000d6b00000)
  from space 2560K, 82% used [0x00000000d7080000,0x00000000d728fd40,0x00000000d7300000)
  to   space 3584K, 0% used [0x00000000d6c00000,0x00000000d6c00000,0x00000000d6f80000)
 ParOldGen       total 68608K, used 27998K [0x0000000080000000, 0x0000000084300000, 0x00000000d5580000)
  object space 68608K, 40% used [0x0000000080000000,0x0000000081b57920,0x0000000084300000)
 Metaspace       used 38694K, committed 39936K, reserved 1114112K
  class space    used 4095K, committed 4672K, reserved 1048576K
}
Event: 5.140 GC heap after
{Heap after GC invocations=21 (full 2):
 PSYoungGen      total 24064K, used 2016K [0x00000000d5580000, 0x00000000d7100000, 0x0000000100000000)
  eden space 22016K, 0% used [0x00000000d5580000,0x00000000d5580000,0x00000000d6b00000)
  from space 2048K, 98% used [0x00000000d6c00000,0x00000000d6df8000,0x00000000d6e00000)
  to   space 2560K, 0% used [0x00000000d6e80000,0x00000000d6e80000,0x00000000d7100000)
 ParOldGen       total 68608K, used 29787K [0x0000000080000000, 0x0000000084300000, 0x00000000d5580000)
  object space 68608K, 43% used [0x0000000080000000,0x0000000081d16f48,0x0000000084300000)
 Metaspace       used 38694K, committed 39936K, reserved 1114112K
  class space    used 4095K, committed 4672K, reserved 1048576K
}
Event: 5.176 GC heap before
{Heap before GC invocations=22 (full 2):
 PSYoungGen      total 24064K, used 24032K [0x00000000d5580000, 0x00000000d7100000, 0x0000000100000000)
  eden space 22016K, 100% used [0x00000000d5580000,0x00000000d6b00000,0x00000000d6b00000)
  from space 2048K, 98% used [0x00000000d6c00000,0x00000000d6df8000,0x00000000d6e00000)
  to   space 2560K, 0% used [0x00000000d6e80000,0x00000000d6e80000,0x00000000d7100000)
 ParOldGen       total 68608K, used 29787K [0x0000000080000000, 0x0000000084300000, 0x00000000d5580000)
  object space 68608K, 43% used [0x0000000080000000,0x0000000081d16f48,0x0000000084300000)
 Metaspace       used 38977K, committed 40192K, reserved 1114112K
  class space    used 4126K, committed 4672K, reserved 1048576K
}
Event: 5.179 GC heap after
{Heap after GC invocations=22 (full 2):
 PSYoungGen      total 24576K, used 2264K [0x00000000d5580000, 0x00000000d7100000, 0x0000000100000000)
  eden space 22016K, 0% used [0x00000000d5580000,0x00000000d5580000,0x00000000d6b00000)
  from space 2560K, 88% used [0x00000000d6e80000,0x00000000d70b6210,0x00000000d7100000)
  to   space 2560K, 0% used [0x00000000d6c00000,0x00000000d6c00000,0x00000000d6e80000)
 ParOldGen       total 68608K, used 31675K [0x0000000080000000, 0x0000000084300000, 0x00000000d5580000)
  object space 68608K, 46% used [0x0000000080000000,0x0000000081eeef48,0x0000000084300000)
 Metaspace       used 38977K, committed 40192K, reserved 1114112K
  class space    used 4126K, committed 4672K, reserved 1048576K
}
Event: 5.245 GC heap before
{Heap before GC invocations=23 (full 2):
 PSYoungGen      total 24576K, used 24271K [0x00000000d5580000, 0x00000000d7100000, 0x0000000100000000)
  eden space 22016K, 99% used [0x00000000d5580000,0x00000000d6afdbe0,0x00000000d6b00000)
  from space 2560K, 88% used [0x00000000d6e80000,0x00000000d70b6210,0x00000000d7100000)
  to   space 2560K, 0% used [0x00000000d6c00000,0x00000000d6c00000,0x00000000d6e80000)
 ParOldGen       total 68608K, used 31675K [0x0000000080000000, 0x0000000084300000, 0x00000000d5580000)
  object space 68608K, 46% used [0x0000000080000000,0x0000000081eeef48,0x0000000084300000)
 Metaspace       used 40016K, committed 41280K, reserved 1114112K
  class space    used 4235K, committed 4800K, reserved 1048576K
}
Event: 5.247 GC heap after
{Heap after GC invocations=23 (full 2):
 PSYoungGen      total 24064K, used 1896K [0x00000000d5580000, 0x00000000d6f00000, 0x0000000100000000)
  eden space 22016K, 0% used [0x00000000d5580000,0x00000000d5580000,0x00000000d6b00000)
  from space 2048K, 92% used [0x00000000d6c00000,0x00000000d6dda3e0,0x00000000d6e00000)
  to   space 1024K, 0% used [0x00000000d6e00000,0x00000000d6e00000,0x00000000d6f00000)
 ParOldGen       total 68608K, used 33772K [0x0000000080000000, 0x0000000084300000, 0x00000000d5580000)
  object space 68608K, 49% used [0x0000000080000000,0x00000000820fb158,0x0000000084300000)
 Metaspace       used 40016K, committed 41280K, reserved 1114112K
  class space    used 4235K, committed 4800K, reserved 1048576K
}
Event: 5.358 GC heap before
{Heap before GC invocations=24 (full 2):
 PSYoungGen      total 24064K, used 23912K [0x00000000d5580000, 0x00000000d6f00000, 0x0000000100000000)
  eden space 22016K, 100% used [0x00000000d5580000,0x00000000d6b00000,0x00000000d6b00000)
  from space 2048K, 92% used [0x00000000d6c00000,0x00000000d6dda3e0,0x00000000d6e00000)
  to   space 1024K, 0% used [0x00000000d6e00000,0x00000000d6e00000,0x00000000d6f00000)
 ParOldGen       total 68608K, used 33772K [0x0000000080000000, 0x0000000084300000, 0x00000000d5580000)
  object space 68608K, 49% used [0x0000000080000000,0x00000000820fb158,0x0000000084300000)
 Metaspace       used 42512K, committed 43776K, reserved 1114112K
  class space    used 4507K, committed 5056K, reserved 1048576K
}
Event: 5.359 GC heap after
{Heap after GC invocations=24 (full 2):
 PSYoungGen      total 23040K, used 760K [0x00000000d5580000, 0x00000000d6f00000, 0x0000000100000000)
  eden space 22016K, 0% used [0x00000000d5580000,0x00000000d5580000,0x00000000d6b00000)
  from space 1024K, 74% used [0x00000000d6e00000,0x00000000d6ebe2e8,0x00000000d6f00000)
  to   space 1536K, 0% used [0x00000000d6c00000,0x00000000d6c00000,0x00000000d6d80000)
 ParOldGen       total 68608K, used 35321K [0x0000000080000000, 0x0000000084300000, 0x00000000d5580000)
  object space 68608K, 51% used [0x0000000080000000,0x000000008227e420,0x0000000084300000)
 Metaspace       used 42512K, committed 43776K, reserved 1114112K
  class space    used 4507K, committed 5056K, reserved 1048576K
}
Event: 5.475 GC heap before
{Heap before GC invocations=25 (full 2):
 PSYoungGen      total 23040K, used 22776K [0x00000000d5580000, 0x00000000d6f00000, 0x0000000100000000)
  eden space 22016K, 100% used [0x00000000d5580000,0x00000000d6b00000,0x00000000d6b00000)
  from space 1024K, 74% used [0x00000000d6e00000,0x00000000d6ebe2e8,0x00000000d6f00000)
  to   space 1536K, 0% used [0x00000000d6c00000,0x00000000d6c00000,0x00000000d6d80000)
 ParOldGen       total 68608K, used 35321K [0x0000000080000000, 0x0000000084300000, 0x00000000d5580000)
  object space 68608K, 51% used [0x0000000080000000,0x000000008227e420,0x0000000084300000)
 Metaspace       used 44659K, committed 45888K, reserved 1114112K
  class space    used 4776K, committed 5312K, reserved 1048576K
}
Event: 5.476 GC heap after
{Heap after GC invocations=25 (full 2):
 PSYoungGen      total 23552K, used 1471K [0x00000000d5580000, 0x00000000d6f00000, 0x0000000100000000)
  eden space 22016K, 0% used [0x00000000d5580000,0x00000000d5580000,0x00000000d6b00000)
  from space 1536K, 95% used [0x00000000d6c00000,0x00000000d6d6fcb0,0x00000000d6d80000)
  to   space 1536K, 0% used [0x00000000d6d80000,0x00000000d6d80000,0x00000000d6f00000)
 ParOldGen       total 68608K, used 35993K [0x0000000080000000, 0x0000000084300000, 0x00000000d5580000)
  object space 68608K, 52% used [0x0000000080000000,0x00000000823264b0,0x0000000084300000)
 Metaspace       used 44659K, committed 45888K, reserved 1114112K
  class space    used 4776K, committed 5312K, reserved 1048576K
}
Event: 5.505 GC heap before
{Heap before GC invocations=26 (full 2):
 PSYoungGen      total 23552K, used 23487K [0x00000000d5580000, 0x00000000d6f00000, 0x0000000100000000)
  eden space 22016K, 100% used [0x00000000d5580000,0x00000000d6b00000,0x00000000d6b00000)
  from space 1536K, 95% used [0x00000000d6c00000,0x00000000d6d6fcb0,0x00000000d6d80000)
  to   space 1536K, 0% used [0x00000000d6d80000,0x00000000d6d80000,0x00000000d6f00000)
 ParOldGen       total 68608K, used 35993K [0x0000000080000000, 0x0000000084300000, 0x00000000d5580000)
  object space 68608K, 52% used [0x0000000080000000,0x00000000823264b0,0x0000000084300000)
 Metaspace       used 44909K, committed 46144K, reserved 1114112K
  class space    used 4803K, committed 5376K, reserved 1048576K
}
Event: 5.506 GC heap after
{Heap after GC invocations=26 (full 2):
 PSYoungGen      total 23040K, used 662K [0x00000000d5580000, 0x00000000d6e80000, 0x0000000100000000)
  eden space 22016K, 0% used [0x00000000d5580000,0x00000000d5580000,0x00000000d6b00000)
  from space 1024K, 64% used [0x00000000d6d80000,0x00000000d6e259e8,0x00000000d6e80000)
  to   space 1024K, 0% used [0x00000000d6c80000,0x00000000d6c80000,0x00000000d6d80000)
 ParOldGen       total 68608K, used 37313K [0x0000000080000000, 0x0000000084300000, 0x00000000d5580000)
  object space 68608K, 54% used [0x0000000080000000,0x0000000082470600,0x0000000084300000)
 Metaspace       used 44909K, committed 46144K, reserved 1114112K
  class space    used 4803K, committed 5376K, reserved 1048576K
}
Event: 5.629 GC heap before
{Heap before GC invocations=27 (full 2):
 PSYoungGen      total 23040K, used 22678K [0x00000000d5580000, 0x00000000d6e80000, 0x0000000100000000)
  eden space 22016K, 100% used [0x00000000d5580000,0x00000000d6b00000,0x00000000d6b00000)
  from space 1024K, 64% used [0x00000000d6d80000,0x00000000d6e259e8,0x00000000d6e80000)
  to   space 1024K, 0% used [0x00000000d6c80000,0x00000000d6c80000,0x00000000d6d80000)
 ParOldGen       total 68608K, used 37313K [0x0000000080000000, 0x0000000084300000, 0x00000000d5580000)
  object space 68608K, 54% used [0x0000000080000000,0x0000000082470600,0x0000000084300000)
 Metaspace       used 46954K, committed 48256K, reserved 1114112K
  class space    used 5004K, committed 5568K, reserved 1048576K
}
Event: 5.630 GC heap after
{Heap after GC invocations=27 (full 2):
 PSYoungGen      total 23040K, used 640K [0x00000000d5580000, 0x00000000d6e00000, 0x0000000100000000)
  eden space 22016K, 0% used [0x00000000d5580000,0x00000000d5580000,0x00000000d6b00000)
  from space 1024K, 62% used [0x00000000d6c80000,0x00000000d6d20000,0x00000000d6d80000)
  to   space 512K, 0% used [0x00000000d6d80000,0x00000000d6d80000,0x00000000d6e00000)
 ParOldGen       total 68608K, used 37433K [0x0000000080000000, 0x0000000084300000, 0x00000000d5580000)
  object space 68608K, 54% used [0x0000000080000000,0x000000008248e600,0x0000000084300000)
 Metaspace       used 46954K, committed 48256K, reserved 1114112K
  class space    used 5004K, committed 5568K, reserved 1048576K
}

