# JRE version: OpenJDK Runtime Environment Temurin-21.0.10+7 (21.0.10+7) (build 21.0.10+7-LTS)
# Java VM: OpenJDK 64-Bit Server VM Temurin-21.0.10+7 (21.0.10+7-LTS, mixed mode, sharing, tiered, compressed oops, compressed class ptrs, parallel gc, windows-amd64)
GC Precious Log:
 CardTable entry size: 512
 CPUs: 12 total, 12 available
 Memory: 16009M
 Large Page Support: Disabled
 NUMA Support: Disabled
 Compressed Oops: Enabled (32-bit)
 Alignments: Space 512K, Generation 512K, Heap 2M
 Heap Min Capacity: 100M
 Heap Initial Capacity: 100M
 Heap Max Capacity: 2G
 Pre-touch: Disabled
 Parallel Workers: 10
Heap:
 PSYoungGen      total 20992K, used 9033K [0x00000000d5580000, 0x00000000d7180000, 0x0000000100000000)
  eden space 18432K, 35% used [0x00000000d5580000,0x00000000d5bd9de0,0x00000000d6780000)
  from space 2560K, 98% used [0x00000000d6880000,0x00000000d6af8850,0x00000000d6b00000)
  to   space 5120K, 0% used [0x00000000d6c80000,0x00000000d6c80000,0x00000000d7180000)
 ParOldGen       total 68608K, used 43782K [0x0000000080000000, 0x0000000084300000, 0x00000000d5580000)
  object space 68608K, 63% used [0x0000000080000000,0x0000000082ac1bb8,0x0000000084300000)
 Metaspace       used 61018K, committed 62464K, reserved 1114112K
  class space    used 6562K, committed 7168K, reserved 1048576K
GC Heap History (20 events):
Event: 5.379 GC heap before
{Heap before GC invocations=29 (full 2):
 PSYoungGen      total 21504K, used 21344K [0x00000000d5580000, 0x00000000d6d00000, 0x0000000100000000)
  eden space 20480K, 100% used [0x00000000d5580000,0x00000000d6980000,0x00000000d6980000)
  from space 1024K, 84% used [0x00000000d6c00000,0x00000000d6cd8010,0x00000000d6d00000)
  to   space 1024K, 0% used [0x00000000d6b00000,0x00000000d6b00000,0x00000000d6c00000)
 ParOldGen       total 68608K, used 38663K [0x0000000080000000, 0x0000000084300000, 0x00000000d5580000)
  object space 68608K, 56% used [0x0000000080000000,0x00000000825c1f28,0x0000000084300000)
 Metaspace       used 48658K, committed 49792K, reserved 1114112K
  class space    used 5251K, committed 5760K, reserved 1048576K
}
Event: 5.381 GC heap after
{Heap after GC invocations=29 (full 2):
 PSYoungGen      total 21504K, used 992K [0x00000000d5580000, 0x00000000d6c80000, 0x0000000100000000)
  eden space 20480K, 0% used [0x00000000d5580000,0x00000000d5580000,0x00000000d6980000)
  from space 1024K, 96% used [0x00000000d6b00000,0x00000000d6bf8000,0x00000000d6c00000)
  to   space 512K, 0% used [0x00000000d6c00000,0x00000000d6c00000,0x00000000d6c80000)
 ParOldGen       total 68608K, used 39231K [0x0000000080000000, 0x0000000084300000, 0x00000000d5580000)
  object space 68608K, 57% used [0x0000000080000000,0x000000008264fc28,0x0000000084300000)
 Metaspace       used 48658K, committed 49792K, reserved 1114112K
  class space    used 5251K, committed 5760K, reserved 1048576K
}
Event: 5.518 GC heap before
{Heap before GC invocations=30 (full 2):
 PSYoungGen      total 21504K, used 21472K [0x00000000d5580000, 0x00000000d6c80000, 0x0000000100000000)
  eden space 20480K, 100% used [0x00000000d5580000,0x00000000d6980000,0x00000000d6980000)
  from space 1024K, 96% used [0x00000000d6b00000,0x00000000d6bf8000,0x00000000d6c00000)
  to   space 512K, 0% used [0x00000000d6c00000,0x00000000d6c00000,0x00000000d6c80000)
 ParOldGen       total 68608K, used 39231K [0x0000000080000000, 0x0000000084300000, 0x00000000d5580000)
  object space 68608K, 57% used [0x0000000080000000,0x000000008264fc28,0x0000000084300000)
 Metaspace       used 50670K, committed 51904K, reserved 1114112K
  class space    used 5493K, committed 6016K, reserved 1048576K
}
Event: 5.519 GC heap after
{Heap after GC invocations=30 (full 2):
 PSYoungGen      total 20992K, used 512K [0x00000000d5580000, 0x00000000d6c80000, 0x0000000100000000)
  eden space 20480K, 0% used [0x00000000d5580000,0x00000000d5580000,0x00000000d6980000)
  from space 512K, 100% used [0x00000000d6c00000,0x00000000d6c80000,0x00000000d6c80000)
  to   space 1536K, 0% used [0x00000000d6980000,0x00000000d6980000,0x00000000d6b00000)
 ParOldGen       total 68608K, used 40155K [0x0000000080000000, 0x0000000084300000, 0x00000000d5580000)
  object space 68608K, 58% used [0x0000000080000000,0x0000000082736c38,0x0000000084300000)
 Metaspace       used 50670K, committed 51904K, reserved 1114112K
  class space    used 5493K, committed 6016K, reserved 1048576K
}
Event: 5.702 GC heap before
{Heap before GC invocations=31 (full 2):
 PSYoungGen      total 20992K, used 20992K [0x00000000d5580000, 0x00000000d6c80000, 0x0000000100000000)
  eden space 20480K, 100% used [0x00000000d5580000,0x00000000d6980000,0x00000000d6980000)
  from space 512K, 100% used [0x00000000d6c00000,0x00000000d6c80000,0x00000000d6c80000)
  to   space 1536K, 0% used [0x00000000d6980000,0x00000000d6980000,0x00000000d6b00000)
 ParOldGen       total 68608K, used 40155K [0x0000000080000000, 0x0000000084300000, 0x00000000d5580000)
  object space 68608K, 58% used [0x0000000080000000,0x0000000082736c38,0x0000000084300000)
 Metaspace       used 53258K, committed 54528K, reserved 1114112K
  class space    used 5743K, committed 6272K, reserved 1048576K
}
Event: 5.704 GC heap after
{Heap after GC invocations=31 (full 2):
 PSYoungGen      total 22016K, used 1528K [0x00000000d5580000, 0x00000000d6f80000, 0x0000000100000000)
  eden space 20480K, 0% used [0x00000000d5580000,0x00000000d5580000,0x00000000d6980000)
  from space 1536K, 99% used [0x00000000d6980000,0x00000000d6afe028,0x00000000d6b00000)
  to   space 3072K, 0% used [0x00000000d6c80000,0x00000000d6c80000,0x00000000d6f80000)
 ParOldGen       total 68608K, used 41253K [0x0000000080000000, 0x0000000084300000, 0x00000000d5580000)
  object space 68608K, 60% used [0x0000000080000000,0x0000000082849670,0x0000000084300000)
 Metaspace       used 53258K, committed 54528K, reserved 1114112K
  class space    used 5743K, committed 6272K, reserved 1048576K
}
Event: 5.927 GC heap before
{Heap before GC invocations=32 (full 2):
 PSYoungGen      total 22016K, used 22008K [0x00000000d5580000, 0x00000000d6f80000, 0x0000000100000000)
  eden space 20480K, 99% used [0x00000000d5580000,0x00000000d697ffe0,0x00000000d6980000)
  from space 1536K, 99% used [0x00000000d6980000,0x00000000d6afe028,0x00000000d6b00000)
  to   space 3072K, 0% used [0x00000000d6c80000,0x00000000d6c80000,0x00000000d6f80000)
 ParOldGen       total 68608K, used 41253K [0x0000000080000000, 0x0000000084300000, 0x00000000d5580000)
  object space 68608K, 60% used [0x0000000080000000,0x0000000082849670,0x0000000084300000)
 Metaspace       used 55277K, committed 56448K, reserved 1114112K
  class space    used 5982K, committed 6464K, reserved 1048576K
}
Event: 5.930 GC heap after
{Heap after GC invocations=32 (full 2):
 PSYoungGen      total 22528K, used 1539K [0x00000000d5580000, 0x00000000d6e80000, 0x0000000100000000)
  eden space 20480K, 0% used [0x00000000d5580000,0x00000000d5580000,0x00000000d6980000)
  from space 2048K, 75% used [0x00000000d6c80000,0x00000000d6e00e28,0x00000000d6e80000)
  to   space 2048K, 0% used [0x00000000d6a80000,0x00000000d6a80000,0x00000000d6c80000)
 ParOldGen       total 68608K, used 42771K [0x0000000080000000, 0x0000000084300000, 0x00000000d5580000)
  object space 68608K, 62% used [0x0000000080000000,0x00000000829c4c70,0x0000000084300000)
 Metaspace       used 55277K, committed 56448K, reserved 1114112K
  class space    used 5982K, committed 6464K, reserved 1048576K
}
Event: 7.113 GC heap before
{Heap before GC invocations=33 (full 2):
 PSYoungGen      total 22528K, used 22019K [0x00000000d5580000, 0x00000000d6e80000, 0x0000000100000000)
  eden space 20480K, 100% used [0x00000000d5580000,0x00000000d6980000,0x00000000d6980000)
  from space 2048K, 75% used [0x00000000d6c80000,0x00000000d6e00e28,0x00000000d6e80000)
  to   space 2048K, 0% used [0x00000000d6a80000,0x00000000d6a80000,0x00000000d6c80000)
 ParOldGen       total 68608K, used 42771K [0x0000000080000000, 0x0000000084300000, 0x00000000d5580000)
  object space 68608K, 62% used [0x0000000080000000,0x00000000829c4c70,0x0000000084300000)
 Metaspace       used 56125K, committed 57344K, reserved 1114112K
  class space    used 6065K, committed 6592K, reserved 1048576K
}
Event: 7.114 GC heap after
{Heap after GC invocations=33 (full 2):
 PSYoungGen      total 22016K, used 1480K [0x00000000d5580000, 0x00000000d6d80000, 0x0000000100000000)
  eden space 20480K, 0% used [0x00000000d5580000,0x00000000d5580000,0x00000000d6980000)
  from space 1536K, 96% used [0x00000000d6a80000,0x00000000d6bf2000,0x00000000d6c00000)
  to   space 1536K, 0% used [0x00000000d6c00000,0x00000000d6c00000,0x00000000d6d80000)
 ParOldGen       total 68608K, used 44133K [0x0000000080000000, 0x0000000084300000, 0x00000000d5580000)
  object space 68608K, 64% used [0x0000000080000000,0x0000000082b19668,0x0000000084300000)
 Metaspace       used 56125K, committed 57344K, reserved 1114112K
  class space    used 6065K, committed 6592K, reserved 1048576K
}
Event: 8.365 GC heap before
{Heap before GC invocations=34 (full 2):
 PSYoungGen      total 22016K, used 21960K [0x00000000d5580000, 0x00000000d6d80000, 0x0000000100000000)
  eden space 20480K, 100% used [0x00000000d5580000,0x00000000d6980000,0x00000000d6980000)
  from space 1536K, 96% used [0x00000000d6a80000,0x00000000d6bf2000,0x00000000d6c00000)
  to   space 1536K, 0% used [0x00000000d6c00000,0x00000000d6c00000,0x00000000d6d80000)
 ParOldGen       total 68608K, used 44133K [0x0000000080000000, 0x0000000084300000, 0x00000000d5580000)
  object space 68608K, 64% used [0x0000000080000000,0x0000000082b19668,0x0000000084300000)
 Metaspace       used 57868K, committed 59200K, reserved 1114112K
  class space    used 6305K, committed 6912K, reserved 1048576K
}
Event: 8.367 GC heap after
{Heap after GC invocations=34 (full 2):
 PSYoungGen      total 19968K, used 1527K [0x00000000d5580000, 0x00000000d7280000, 0x0000000100000000)
  eden space 18432K, 0% used [0x00000000d5580000,0x00000000d5580000,0x00000000d6780000)
  from space 1536K, 99% used [0x00000000d6c00000,0x00000000d6d7dde0,0x00000000d6d80000)
  to   space 4608K, 0% used [0x00000000d6780000,0x00000000d6780000,0x00000000d6c00000)
 ParOldGen       total 68608K, used 46544K [0x0000000080000000, 0x0000000084300000, 0x00000000d5580000)
  object space 68608K, 67% used [0x0000000080000000,0x0000000082d74210,0x0000000084300000)
 Metaspace       used 57868K, committed 59200K, reserved 1114112K
  class space    used 6305K, committed 6912K, reserved 1048576K
}
Event: 8.440 GC heap before
{Heap before GC invocations=35 (full 2):
 PSYoungGen      total 19968K, used 6707K [0x00000000d5580000, 0x00000000d7280000, 0x0000000100000000)
  eden space 18432K, 28% used [0x00000000d5580000,0x00000000d5a8eec8,0x00000000d6780000)
  from space 1536K, 99% used [0x00000000d6c00000,0x00000000d6d7dde0,0x00000000d6d80000)
  to   space 4608K, 0% used [0x00000000d6780000,0x00000000d6780000,0x00000000d6c00000)
 ParOldGen       total 68608K, used 46544K [0x0000000080000000, 0x0000000084300000, 0x00000000d5580000)
  object space 68608K, 67% used [0x0000000080000000,0x0000000082d74210,0x0000000084300000)
 Metaspace       used 58437K, committed 59776K, reserved 1114112K
  class space    used 6349K, committed 6912K, reserved 1048576K
}
Event: 8.442 GC heap after
{Heap after GC invocations=35 (full 2):
 PSYoungGen      total 19456K, used 912K [0x00000000d5580000, 0x00000000d6d80000, 0x0000000100000000)
  eden space 18432K, 0% used [0x00000000d5580000,0x00000000d5580000,0x00000000d6780000)
  from space 1024K, 89% used [0x00000000d6780000,0x00000000d6864010,0x00000000d6880000)
  to   space 2048K, 0% used [0x00000000d6b80000,0x00000000d6b80000,0x00000000d6d80000)
 ParOldGen       total 68608K, used 48080K [0x0000000080000000, 0x0000000084300000, 0x00000000d5580000)
  object space 68608K, 70% used [0x0000000080000000,0x0000000082ef4318,0x0000000084300000)
 Metaspace       used 58437K, committed 59776K, reserved 1114112K
  class space    used 6349K, committed 6912K, reserved 1048576K
}
Event: 8.442 GC heap before
{Heap before GC invocations=36 (full 3):
 PSYoungGen      total 19456K, used 912K [0x00000000d5580000, 0x00000000d6d80000, 0x0000000100000000)
  eden space 18432K, 0% used [0x00000000d5580000,0x00000000d5580000,0x00000000d6780000)
  from space 1024K, 89% used [0x00000000d6780000,0x00000000d6864010,0x00000000d6880000)
  to   space 2048K, 0% used [0x00000000d6b80000,0x00000000d6b80000,0x00000000d6d80000)
 ParOldGen       total 68608K, used 48080K [0x0000000080000000, 0x0000000084300000, 0x00000000d5580000)
  object space 68608K, 70% used [0x0000000080000000,0x0000000082ef4318,0x0000000084300000)
 Metaspace       used 58437K, committed 59776K, reserved 1114112K
  class space    used 6349K, committed 6912K, reserved 1048576K
}
Event: 8.495 GC heap after
{Heap after GC invocations=36 (full 3):
 PSYoungGen      total 19456K, used 0K [0x00000000d5580000, 0x00000000d6d80000, 0x0000000100000000)
  eden space 18432K, 0% used [0x00000000d5580000,0x00000000d5580000,0x00000000d6780000)
  from space 1024K, 0% used [0x00000000d6780000,0x00000000d6780000,0x00000000d6880000)
  to   space 2048K, 0% used [0x00000000d6b80000,0x00000000d6b80000,0x00000000d6d80000)
 ParOldGen       total 68608K, used 41874K [0x0000000080000000, 0x0000000084300000, 0x00000000d5580000)
  object space 68608K, 61% used [0x0000000080000000,0x00000000828e4ba8,0x0000000084300000)
 Metaspace       used 58430K, committed 59776K, reserved 1114112K
  class space    used 6347K, committed 6912K, reserved 1048576K
}
Event: 8.733 GC heap before
{Heap before GC invocations=37 (full 3):
 PSYoungGen      total 19456K, used 18432K [0x00000000d5580000, 0x00000000d6d80000, 0x0000000100000000)
  eden space 18432K, 100% used [0x00000000d5580000,0x00000000d6780000,0x00000000d6780000)
  from space 1024K, 0% used [0x00000000d6780000,0x00000000d6780000,0x00000000d6880000)
  to   space 2048K, 0% used [0x00000000d6b80000,0x00000000d6b80000,0x00000000d6d80000)
 ParOldGen       total 68608K, used 41874K [0x0000000080000000, 0x0000000084300000, 0x00000000d5580000)
  object space 68608K, 61% used [0x0000000080000000,0x00000000828e4ba8,0x0000000084300000)
 Metaspace       used 59615K, committed 60992K, reserved 1114112K
  class space    used 6435K, committed 7040K, reserved 1048576K
}
Event: 8.735 GC heap after
{Heap after GC invocations=37 (full 3):
 PSYoungGen      total 20480K, used 1968K [0x00000000d5580000, 0x00000000d6d80000, 0x0000000100000000)
  eden space 18432K, 0% used [0x00000000d5580000,0x00000000d5580000,0x00000000d6780000)
  from space 2048K, 96% used [0x00000000d6b80000,0x00000000d6d6c030,0x00000000d6d80000)
  to   space 2560K, 0% used [0x00000000d6880000,0x00000000d6880000,0x00000000d6b00000)
 ParOldGen       total 68608K, used 41882K [0x0000000080000000, 0x0000000084300000, 0x00000000d5580000)
  object space 68608K, 61% used [0x0000000080000000,0x00000000828e6ba8,0x0000000084300000)
 Metaspace       used 59615K, committed 60992K, reserved 1114112K
  class space    used 6435K, committed 7040K, reserved 1048576K
}
Event: 8.924 GC heap before
{Heap before GC invocations=38 (full 3):
 PSYoungGen      total 20480K, used 20400K [0x00000000d5580000, 0x00000000d6d80000, 0x0000000100000000)
  eden space 18432K, 100% used [0x00000000d5580000,0x00000000d6780000,0x00000000d6780000)
  from space 2048K, 96% used [0x00000000d6b80000,0x00000000d6d6c030,0x00000000d6d80000)
  to   space 2560K, 0% used [0x00000000d6880000,0x00000000d6880000,0x00000000d6b00000)
 ParOldGen       total 68608K, used 41882K [0x0000000080000000, 0x0000000084300000, 0x00000000d5580000)
  object space 68608K, 61% used [0x0000000080000000,0x00000000828e6ba8,0x0000000084300000)
 Metaspace       used 60598K, committed 62016K, reserved 1114112K
  class space    used 6515K, committed 7104K, reserved 1048576K
}
Event: 8.927 GC heap after
{Heap after GC invocations=38 (full 3):
 PSYoungGen      total 20992K, used 2530K [0x00000000d5580000, 0x00000000d7180000, 0x0000000100000000)
  eden space 18432K, 0% used [0x00000000d5580000,0x00000000d5580000,0x00000000d6780000)
  from space 2560K, 98% used [0x00000000d6880000,0x00000000d6af8850,0x00000000d6b00000)
  to   space 5120K, 0% used [0x00000000d6c80000,0x00000000d6c80000,0x00000000d7180000)
 ParOldGen       total 68608K, used 43782K [0x0000000080000000, 0x0000000084300000, 0x00000000d5580000)
  object space 68608K, 63% used [0x0000000080000000,0x0000000082ac1bb8,0x0000000084300000)
 Metaspace       used 60598K, committed 62016K, reserved 1114112K
  class space    used 6515K, committed 7104K, reserved 1048576K
}

