# JRE version: OpenJDK Runtime Environment Temurin-21.0.10+7 (21.0.10+7) (build 21.0.10+7-LTS)
# Java VM: OpenJDK 64-Bit Server VM Temurin-21.0.10+7 (21.0.10+7-LTS, mixed mode, sharing, tiered, compressed oops, compressed class ptrs, parallel gc, windows-amd64)
GC Precious Log:
 CardTable entry size: 512
 CPUs: 12 total, 12 available
 Memory: 16009M
 Large Page Support: Disabled
 NUMA Support: Disabled
 Compressed Oops: Enabled (32-bit)
 Alignments: Space 512K, Generation 512K, Heap 2M
 Heap Min Capacity: 100M
 Heap Initial Capacity: 100M
 Heap Max Capacity: 2G
 Pre-touch: Disabled
 Parallel Workers: 10
Heap:
 PSYoungGen      total 16896K, used 7232K [0x00000000d5580000, 0x00000000d6780000, 0x0000000100000000)
  eden space 15872K, 42% used [0x00000000d5580000,0x00000000d5c28008,0x00000000d6500000)
  from space 1024K, 40% used [0x00000000d6580000,0x00000000d65e8000,0x00000000d6680000)
  to   space 512K, 0% used [0x00000000d6700000,0x00000000d6700000,0x00000000d6780000)
 ParOldGen       total 68608K, used 61230K [0x0000000080000000, 0x0000000084300000, 0x00000000d5580000)
  object space 68608K, 89% used [0x0000000080000000,0x0000000083bcbab8,0x0000000084300000)
 Metaspace       used 70160K, committed 71872K, reserved 1114112K
  class space    used 7338K, committed 8064K, reserved 1048576K
GC Heap History (20 events):
Event: 106.105 GC heap before
{Heap before GC invocations=49 (full 3):
 PSYoungGen      total 19968K, used 19673K [0x00000000d5580000, 0x00000000d6a80000, 0x0000000100000000)
  eden space 18432K, 100% used [0x00000000d5580000,0x00000000d6780000,0x00000000d6780000)
  from space 1536K, 80% used [0x00000000d6780000,0x00000000d68b65d8,0x00000000d6900000)
  to   space 1536K, 0% used [0x00000000d6900000,0x00000000d6900000,0x00000000d6a80000)
 ParOldGen       total 68608K, used 55641K [0x0000000080000000, 0x0000000084300000, 0x00000000d5580000)
  object space 68608K, 81% used [0x0000000080000000,0x0000000083656780,0x0000000084300000)
 Metaspace       used 67579K, committed 69248K, reserved 1114112K
  class space    used 7021K, committed 7680K, reserved 1048576K
}
Event: 106.107 GC heap after
{Heap after GC invocations=49 (full 3):
 PSYoungGen      total 18944K, used 288K [0x00000000d5580000, 0x00000000d6980000, 0x0000000100000000)
  eden space 18432K, 0% used [0x00000000d5580000,0x00000000d5580000,0x00000000d6780000)
  from space 512K, 56% used [0x00000000d6900000,0x00000000d6948000,0x00000000d6980000)
  to   space 1024K, 0% used [0x00000000d6780000,0x00000000d6780000,0x00000000d6880000)
 ParOldGen       total 68608K, used 56755K [0x0000000080000000, 0x0000000084300000, 0x00000000d5580000)
  object space 68608K, 82% used [0x0000000080000000,0x000000008376cf88,0x0000000084300000)
 Metaspace       used 67579K, committed 69248K, reserved 1114112K
  class space    used 7021K, committed 7680K, reserved 1048576K
}
Event: 131.660 GC heap before
{Heap before GC invocations=50 (full 3):
 PSYoungGen      total 18944K, used 18720K [0x00000000d5580000, 0x00000000d6980000, 0x0000000100000000)
  eden space 18432K, 100% used [0x00000000d5580000,0x00000000d6780000,0x00000000d6780000)
  from space 512K, 56% used [0x00000000d6900000,0x00000000d6948000,0x00000000d6980000)
  to   space 1024K, 0% used [0x00000000d6780000,0x00000000d6780000,0x00000000d6880000)
 ParOldGen       total 68608K, used 56755K [0x0000000080000000, 0x0000000084300000, 0x00000000d5580000)
  object space 68608K, 82% used [0x0000000080000000,0x000000008376cf88,0x0000000084300000)
 Metaspace       used 67663K, committed 69312K, reserved 1114112K
  class space    used 7021K, committed 7680K, reserved 1048576K
}
Event: 131.662 GC heap after
{Heap after GC invocations=50 (full 3):
 PSYoungGen      total 19456K, used 736K [0x00000000d5580000, 0x00000000d6980000, 0x0000000100000000)
  eden space 18432K, 0% used [0x00000000d5580000,0x00000000d5580000,0x00000000d6780000)
  from space 1024K, 71% used [0x00000000d6780000,0x00000000d6838000,0x00000000d6880000)
  to   space 1024K, 0% used [0x00000000d6880000,0x00000000d6880000,0x00000000d6980000)
 ParOldGen       total 68608K, used 56811K [0x0000000080000000, 0x0000000084300000, 0x00000000d5580000)
  object space 68608K, 82% used [0x0000000080000000,0x000000008377af88,0x0000000084300000)
 Metaspace       used 67663K, committed 69312K, reserved 1114112K
  class space    used 7021K, committed 7680K, reserved 1048576K
}
Event: 145.837 GC heap before
{Heap before GC invocations=51 (full 3):
 PSYoungGen      total 19456K, used 19168K [0x00000000d5580000, 0x00000000d6980000, 0x0000000100000000)
  eden space 18432K, 100% used [0x00000000d5580000,0x00000000d6780000,0x00000000d6780000)
  from space 1024K, 71% used [0x00000000d6780000,0x00000000d6838000,0x00000000d6880000)
  to   space 1024K, 0% used [0x00000000d6880000,0x00000000d6880000,0x00000000d6980000)
 ParOldGen       total 68608K, used 56811K [0x0000000080000000, 0x0000000084300000, 0x00000000d5580000)
  object space 68608K, 82% used [0x0000000080000000,0x000000008377af88,0x0000000084300000)
 Metaspace       used 67783K, committed 69376K, reserved 1114112K
  class space    used 7029K, committed 7680K, reserved 1048576K
}
Event: 145.839 GC heap after
{Heap after GC invocations=51 (full 3):
 PSYoungGen      total 16896K, used 1017K [0x00000000d5580000, 0x00000000d6e80000, 0x0000000100000000)
  eden space 15872K, 0% used [0x00000000d5580000,0x00000000d5580000,0x00000000d6500000)
  from space 1024K, 99% used [0x00000000d6880000,0x00000000d697e5a0,0x00000000d6980000)
  to   space 3584K, 0% used [0x00000000d6500000,0x00000000d6500000,0x00000000d6880000)
 ParOldGen       total 68608K, used 58742K [0x0000000080000000, 0x0000000084300000, 0x00000000d5580000)
  object space 68608K, 85% used [0x0000000080000000,0x000000008395d8a0,0x0000000084300000)
 Metaspace       used 67783K, committed 69376K, reserved 1114112K
  class space    used 7029K, committed 7680K, reserved 1048576K
}
Event: 169.626 GC heap before
{Heap before GC invocations=52 (full 3):
 PSYoungGen      total 16896K, used 16889K [0x00000000d5580000, 0x00000000d6e80000, 0x0000000100000000)
  eden space 15872K, 100% used [0x00000000d5580000,0x00000000d6500000,0x00000000d6500000)
  from space 1024K, 99% used [0x00000000d6880000,0x00000000d697e5a0,0x00000000d6980000)
  to   space 3584K, 0% used [0x00000000d6500000,0x00000000d6500000,0x00000000d6880000)
 ParOldGen       total 68608K, used 58742K [0x0000000080000000, 0x0000000084300000, 0x00000000d5580000)
  object space 68608K, 85% used [0x0000000080000000,0x000000008395d8a0,0x0000000084300000)
 Metaspace       used 68150K, committed 69760K, reserved 1114112K
  class space    used 7086K, committed 7744K, reserved 1048576K
}
Event: 169.631 GC heap after
{Heap after GC invocations=52 (full 3):
 PSYoungGen      total 19456K, used 3246K [0x00000000d5580000, 0x00000000d6c00000, 0x0000000100000000)
  eden space 15872K, 0% used [0x00000000d5580000,0x00000000d5580000,0x00000000d6500000)
  from space 3584K, 90% used [0x00000000d6500000,0x00000000d682b8e0,0x00000000d6880000)
  to   space 3584K, 0% used [0x00000000d6880000,0x00000000d6880000,0x00000000d6c00000)
 ParOldGen       total 68608K, used 59367K [0x0000000080000000, 0x0000000084300000, 0x00000000d5580000)
  object space 68608K, 86% used [0x0000000080000000,0x00000000839f9e20,0x0000000084300000)
 Metaspace       used 68150K, committed 69760K, reserved 1114112K
  class space    used 7086K, committed 7744K, reserved 1048576K
}
Event: 184.626 GC heap before
{Heap before GC invocations=53 (full 3):
 PSYoungGen      total 19456K, used 19118K [0x00000000d5580000, 0x00000000d6c00000, 0x0000000100000000)
  eden space 15872K, 100% used [0x00000000d5580000,0x00000000d6500000,0x00000000d6500000)
  from space 3584K, 90% used [0x00000000d6500000,0x00000000d682b8e0,0x00000000d6880000)
  to   space 3584K, 0% used [0x00000000d6880000,0x00000000d6880000,0x00000000d6c00000)
 ParOldGen       total 68608K, used 59367K [0x0000000080000000, 0x0000000084300000, 0x00000000d5580000)
  object space 68608K, 86% used [0x0000000080000000,0x00000000839f9e20,0x0000000084300000)
 Metaspace       used 68337K, committed 69952K, reserved 1114112K
  class space    used 7095K, committed 7744K, reserved 1048576K
}
Event: 184.629 GC heap after
{Heap after GC invocations=53 (full 3):
 PSYoungGen      total 19456K, used 3374K [0x00000000d5580000, 0x00000000d6c00000, 0x0000000100000000)
  eden space 15872K, 0% used [0x00000000d5580000,0x00000000d5580000,0x00000000d6500000)
  from space 3584K, 94% used [0x00000000d6880000,0x00000000d6bcb8e0,0x00000000d6c00000)
  to   space 3584K, 0% used [0x00000000d6500000,0x00000000d6500000,0x00000000d6880000)
 ParOldGen       total 68608K, used 60348K [0x0000000080000000, 0x0000000084300000, 0x00000000d5580000)
  object space 68608K, 87% used [0x0000000080000000,0x0000000083aef2b0,0x0000000084300000)
 Metaspace       used 68337K, committed 69952K, reserved 1114112K
  class space    used 7095K, committed 7744K, reserved 1048576K
}
Event: 192.065 GC heap before
{Heap before GC invocations=54 (full 3):
 PSYoungGen      total 19456K, used 19246K [0x00000000d5580000, 0x00000000d6c00000, 0x0000000100000000)
  eden space 15872K, 100% used [0x00000000d5580000,0x00000000d6500000,0x00000000d6500000)
  from space 3584K, 94% used [0x00000000d6880000,0x00000000d6bcb8e0,0x00000000d6c00000)
  to   space 3584K, 0% used [0x00000000d6500000,0x00000000d6500000,0x00000000d6880000)
 ParOldGen       total 68608K, used 60348K [0x0000000080000000, 0x0000000084300000, 0x00000000d5580000)
  object space 68608K, 87% used [0x0000000080000000,0x0000000083aef2b0,0x0000000084300000)
 Metaspace       used 68403K, committed 70016K, reserved 1114112K
  class space    used 7100K, committed 7744K, reserved 1048576K
}
Event: 192.068 GC heap after
{Heap after GC invocations=54 (full 3):
 PSYoungGen      total 16896K, used 720K [0x00000000d5580000, 0x00000000d6900000, 0x0000000100000000)
  eden space 15872K, 0% used [0x00000000d5580000,0x00000000d5580000,0x00000000d6500000)
  from space 1024K, 70% used [0x00000000d6500000,0x00000000d65b4030,0x00000000d6600000)
  to   space 2048K, 0% used [0x00000000d6700000,0x00000000d6700000,0x00000000d6900000)
 ParOldGen       total 68608K, used 60428K [0x0000000080000000, 0x0000000084300000, 0x00000000d5580000)
  object space 68608K, 88% used [0x0000000080000000,0x0000000083b032b0,0x0000000084300000)
 Metaspace       used 68403K, committed 70016K, reserved 1114112K
  class space    used 7100K, committed 7744K, reserved 1048576K
}
Event: 198.476 GC heap before
{Heap before GC invocations=55 (full 3):
 PSYoungGen      total 16896K, used 16592K [0x00000000d5580000, 0x00000000d6900000, 0x0000000100000000)
  eden space 15872K, 100% used [0x00000000d5580000,0x00000000d6500000,0x00000000d6500000)
  from space 1024K, 70% used [0x00000000d6500000,0x00000000d65b4030,0x00000000d6600000)
  to   space 2048K, 0% used [0x00000000d6700000,0x00000000d6700000,0x00000000d6900000)
 ParOldGen       total 68608K, used 60428K [0x0000000080000000, 0x0000000084300000, 0x00000000d5580000)
  object space 68608K, 88% used [0x0000000080000000,0x0000000083b032b0,0x0000000084300000)
 Metaspace       used 69542K, committed 71232K, reserved 1114112K
  class space    used 7258K, committed 7936K, reserved 1048576K
}
Event: 198.478 GC heap after
{Heap after GC invocations=55 (full 3):
 PSYoungGen      total 16896K, used 544K [0x00000000d5580000, 0x00000000d6800000, 0x0000000100000000)
  eden space 15872K, 0% used [0x00000000d5580000,0x00000000d5580000,0x00000000d6500000)
  from space 1024K, 53% used [0x00000000d6700000,0x00000000d6788000,0x00000000d6800000)
  to   space 1024K, 0% used [0x00000000d6500000,0x00000000d6500000,0x00000000d6600000)
 ParOldGen       total 68608K, used 60572K [0x0000000080000000, 0x0000000084300000, 0x00000000d5580000)
  object space 68608K, 88% used [0x0000000080000000,0x0000000083b272d0,0x0000000084300000)
 Metaspace       used 69542K, committed 71232K, reserved 1114112K
  class space    used 7258K, committed 7936K, reserved 1048576K
}
Event: 200.832 GC heap before
{Heap before GC invocations=56 (full 3):
 PSYoungGen      total 16896K, used 16414K [0x00000000d5580000, 0x00000000d6800000, 0x0000000100000000)
  eden space 15872K, 99% used [0x00000000d5580000,0x00000000d64ff858,0x00000000d6500000)
  from space 1024K, 53% used [0x00000000d6700000,0x00000000d6788000,0x00000000d6800000)
  to   space 1024K, 0% used [0x00000000d6500000,0x00000000d6500000,0x00000000d6600000)
 ParOldGen       total 68608K, used 60572K [0x0000000080000000, 0x0000000084300000, 0x00000000d5580000)
  object space 68608K, 88% used [0x0000000080000000,0x0000000083b272d0,0x0000000084300000)
 Metaspace       used 69736K, committed 71424K, reserved 1114112K
  class space    used 7293K, committed 8000K, reserved 1048576K
}
Event: 200.834 GC heap after
{Heap after GC invocations=56 (full 3):
 PSYoungGen      total 16896K, used 320K [0x00000000d5580000, 0x00000000d6780000, 0x0000000100000000)
  eden space 15872K, 0% used [0x00000000d5580000,0x00000000d5580000,0x00000000d6500000)
  from space 1024K, 31% used [0x00000000d6500000,0x00000000d6550000,0x00000000d6600000)
  to   space 512K, 0% used [0x00000000d6700000,0x00000000d6700000,0x00000000d6780000)
 ParOldGen       total 68608K, used 60809K [0x0000000080000000, 0x0000000084300000, 0x00000000d5580000)
  object space 68608K, 88% used [0x0000000080000000,0x0000000083b62628,0x0000000084300000)
 Metaspace       used 69736K, committed 71424K, reserved 1114112K
  class space    used 7293K, committed 8000K, reserved 1048576K
}
Event: 202.527 GC heap before
{Heap before GC invocations=57 (full 3):
 PSYoungGen      total 16896K, used 16192K [0x00000000d5580000, 0x00000000d6780000, 0x0000000100000000)
  eden space 15872K, 100% used [0x00000000d5580000,0x00000000d6500000,0x00000000d6500000)
  from space 1024K, 31% used [0x00000000d6500000,0x00000000d6550000,0x00000000d6600000)
  to   space 512K, 0% used [0x00000000d6700000,0x00000000d6700000,0x00000000d6780000)
 ParOldGen       total 68608K, used 60809K [0x0000000080000000, 0x0000000084300000, 0x00000000d5580000)
  object space 68608K, 88% used [0x0000000080000000,0x0000000083b62628,0x0000000084300000)
 Metaspace       used 70004K, committed 71616K, reserved 1114112K
  class space    used 7322K, committed 8000K, reserved 1048576K
}
Event: 202.528 GC heap after
{Heap after GC invocations=57 (full 3):
 PSYoungGen      total 16384K, used 496K [0x00000000d5580000, 0x00000000d6780000, 0x0000000100000000)
  eden space 15872K, 0% used [0x00000000d5580000,0x00000000d5580000,0x00000000d6500000)
  from space 512K, 96% used [0x00000000d6700000,0x00000000d677c010,0x00000000d6780000)
  to   space 1024K, 0% used [0x00000000d6580000,0x00000000d6580000,0x00000000d6680000)
 ParOldGen       total 68608K, used 60881K [0x0000000080000000, 0x0000000084300000, 0x00000000d5580000)
  object space 68608K, 88% used [0x0000000080000000,0x0000000083b74628,0x0000000084300000)
 Metaspace       used 70004K, committed 71616K, reserved 1114112K
  class space    used 7322K, committed 8000K, reserved 1048576K
}
Event: 204.443 GC heap before
{Heap before GC invocations=58 (full 3):
 PSYoungGen      total 16384K, used 16368K [0x00000000d5580000, 0x00000000d6780000, 0x0000000100000000)
  eden space 15872K, 100% used [0x00000000d5580000,0x00000000d6500000,0x00000000d6500000)
  from space 512K, 96% used [0x00000000d6700000,0x00000000d677c010,0x00000000d6780000)
  to   space 1024K, 0% used [0x00000000d6580000,0x00000000d6580000,0x00000000d6680000)
 ParOldGen       total 68608K, used 60881K [0x0000000080000000, 0x0000000084300000, 0x00000000d5580000)
  object space 68608K, 88% used [0x0000000080000000,0x0000000083b74628,0x0000000084300000)
 Metaspace       used 70125K, committed 71808K, reserved 1114112K
  class space    used 7338K, committed 8064K, reserved 1048576K
}
Event: 204.446 GC heap after
{Heap after GC invocations=58 (full 3):
 PSYoungGen      total 16896K, used 416K [0x00000000d5580000, 0x00000000d6780000, 0x0000000100000000)
  eden space 15872K, 0% used [0x00000000d5580000,0x00000000d5580000,0x00000000d6500000)
  from space 1024K, 40% used [0x00000000d6580000,0x00000000d65e8000,0x00000000d6680000)
  to   space 512K, 0% used [0x00000000d6700000,0x00000000d6700000,0x00000000d6780000)
 ParOldGen       total 68608K, used 61230K [0x0000000080000000, 0x0000000084300000, 0x00000000d5580000)
  object space 68608K, 89% used [0x0000000080000000,0x0000000083bcbab8,0x0000000084300000)
 Metaspace       used 70125K, committed 71808K, reserved 1114112K
  class space    used 7338K, committed 8064K, reserved 1048576K
}

